[2020-04-02 16:45:56] local.ERROR: Required @OA\Info() not found {"exception":"[object] (ErrorException(code: 0): Required @OA\\Info() not found at /var/www/html/laravel7/vendor/zircote/swagger-php/src/Logger.php:39)
[stacktrace]
#0 [internal function]: Illuminate\\Foundation\\Bootstrap\\HandleExceptions->handleError(1024, 'Required @OA\\\\In...', '/var/www/html/l...', 39, Array)
#1 /var/www/html/laravel7/vendor/zircote/swagger-php/src/Logger.php(39): trigger_error('Required @OA\\\\In...', 1024)
#2 [internal function]: OpenApi\\Logger->OpenApi\\{closure}('Required @OA\\\\In...', 1024)
#3 /var/www/html/laravel7/vendor/zircote/swagger-php/src/Logger.php(71): call_user_func(Object(Closure), 'Required @OA\\\\In...', 1024)
#4 /var/www/html/laravel7/vendor/zircote/swagger-php/src/Annotations/AbstractAnnotation.php(427): OpenApi\\Logger::notice('Required @OA\\\\In...')
#5 /var/www/html/laravel7/vendor/zircote/swagger-php/src/Annotations/OpenApi.php(135): OpenApi\\Annotations\\AbstractAnnotation->validate(Array, Array, '#')
#6 /var/www/html/laravel7/vendor/zircote/swagger-php/src/Analysis.php(422): OpenApi\\Annotations\\OpenApi->validate()
#7 /var/www/html/laravel7/vendor/zircote/swagger-php/src/functions.php(48): OpenApi\\Analysis->validate()
#8 /var/www/html/laravel7/vendor/darkaonline/l5-swagger/src/Generator.php(147): OpenApi\\scan(Array, Array)
#9 /var/www/html/laravel7/vendor/darkaonline/l5-swagger/src/Generator.php(88): L5Swagger\\Generator->scanFilesForDocumentation()
#10 /var/www/html/laravel7/vendor/darkaonline/l5-swagger/src/Console/GenerateDocsCommand.php(44): L5Swagger\\Generator->generateDocs()
#11 [internal function]: L5Swagger\\Console\\GenerateDocsCommand->handle()
#12 /var/www/html/laravel7/vendor/laravel/framework/src/Illuminate/Container/BoundMethod.php(32): call_user_func_array(Array, Array)
#13 /var/www/html/laravel7/vendor/laravel/framework/src/Illuminate/Container/Util.php(36): Illuminate\\Container\\BoundMethod::Illuminate\\Container\\{closure}()
#14 /var/www/html/laravel7/vendor/laravel/framework/src/Illuminate/Container/BoundMethod.php(90): Illuminate\\Container\\Util::unwrapIfClosure(Object(Closure))
#15 /var/www/html/laravel7/vendor/laravel/framework/src/Illuminate/Container/BoundMethod.php(34): Illuminate\\Container\\BoundMethod::callBoundMethod(Object(Illuminate\\Foundation\\Application), Array, Object(Closure))
#16 /var/www/html/laravel7/vendor/laravel/framework/src/Illuminate/Container/Container.php(592): Illuminate\\Container\\BoundMethod::call(Object(Illuminate\\Foundation\\Application), Array, Array, NULL)
#17 /var/www/html/laravel7/vendor/laravel/framework/src/Illuminate/Console/Command.php(134): Illuminate\\Container\\Container->call(Array)
#18 /var/www/html/laravel7/vendor/symfony/console/Command/Command.php(255): Illuminate\\Console\\Command->execute(Object(Symfony\\Component\\Console\\Input\\ArgvInput), Object(Illuminate\\Console\\OutputStyle))
#19 /var/www/html/laravel7/vendor/laravel/framework/src/Illuminate/Console/Command.php(121): Symfony\\Component\\Console\\Command\\Command->run(Object(Symfony\\Component\\Console\\Input\\ArgvInput), Object(Illuminate\\Console\\OutputStyle))
#20 /var/www/html/laravel7/vendor/symfony/console/Application.php(912): Illuminate\\Console\\Command->run(Object(Symfony\\Component\\Console\\Input\\ArgvInput), Object(Symfony\\Component\\Console\\Output\\ConsoleOutput))
#21 /var/www/html/laravel7/vendor/symfony/console/Application.php(264): Symfony\\Component\\Console\\Application->doRunCommand(Object(L5Swagger\\Console\\GenerateDocsCommand), Object(Symfony\\Component\\Console\\Input\\ArgvInput), Object(Symfony\\Component\\Console\\Output\\ConsoleOutput))
#22 /var/www/html/laravel7/vendor/symfony/console/Application.php(140): Symfony\\Component\\Console\\Application->doRun(Object(Symfony\\Component\\Console\\Input\\ArgvInput), Object(Symfony\\Component\\Console\\Output\\ConsoleOutput))
#23 /var/www/html/laravel7/vendor/laravel/framework/src/Illuminate/Console/Application.php(93): Symfony\\Component\\Console\\Application->run(Object(Symfony\\Component\\Console\\Input\\ArgvInput), Object(Symfony\\Component\\Console\\Output\\ConsoleOutput))
#24 /var/www/html/laravel7/vendor/laravel/framework/src/Illuminate/Foundation/Console/Kernel.php(129): Illuminate\\Console\\Application->run(Object(Symfony\\Component\\Console\\Input\\ArgvInput), Object(Symfony\\Component\\Console\\Output\\ConsoleOutput))
#25 /var/www/html/laravel7/artisan(37): Illuminate\\Foundation\\Console\\Kernel->handle(Object(Symfony\\Component\\Console\\Input\\ArgvInput), Object(Symfony\\Component\\Console\\Output\\ConsoleOutput))
#26 {main}
"} 
[2020-04-02 16:50:17] local.ERROR: Required @OA\Info() not found {"exception":"[object] (ErrorException(code: 0): Required @OA\\Info() not found at /var/www/html/laravel7/vendor/zircote/swagger-php/src/Logger.php:39)
[stacktrace]
#0 [internal function]: Illuminate\\Foundation\\Bootstrap\\HandleExceptions->handleError(1024, 'Required @OA\\\\In...', '/var/www/html/l...', 39, Array)
#1 /var/www/html/laravel7/vendor/zircote/swagger-php/src/Logger.php(39): trigger_error('Required @OA\\\\In...', 1024)
#2 [internal function]: OpenApi\\Logger->OpenApi\\{closure}('Required @OA\\\\In...', 1024)
#3 /var/www/html/laravel7/vendor/zircote/swagger-php/src/Logger.php(71): call_user_func(Object(Closure), 'Required @OA\\\\In...', 1024)
#4 /var/www/html/laravel7/vendor/zircote/swagger-php/src/Annotations/AbstractAnnotation.php(427): OpenApi\\Logger::notice('Required @OA\\\\In...')
#5 /var/www/html/laravel7/vendor/zircote/swagger-php/src/Annotations/OpenApi.php(135): OpenApi\\Annotations\\AbstractAnnotation->validate(Array, Array, '#')
#6 /var/www/html/laravel7/vendor/zircote/swagger-php/src/Analysis.php(422): OpenApi\\Annotations\\OpenApi->validate()
#7 /var/www/html/laravel7/vendor/zircote/swagger-php/src/functions.php(48): OpenApi\\Analysis->validate()
#8 /var/www/html/laravel7/vendor/darkaonline/l5-swagger/src/Generator.php(147): OpenApi\\scan(Array, Array)
#9 /var/www/html/laravel7/vendor/darkaonline/l5-swagger/src/Generator.php(88): L5Swagger\\Generator->scanFilesForDocumentation()
#10 /var/www/html/laravel7/vendor/darkaonline/l5-swagger/src/Console/GenerateDocsCommand.php(44): L5Swagger\\Generator->generateDocs()
#11 [internal function]: L5Swagger\\Console\\GenerateDocsCommand->handle()
#12 /var/www/html/laravel7/vendor/laravel/framework/src/Illuminate/Container/BoundMethod.php(32): call_user_func_array(Array, Array)
#13 /var/www/html/laravel7/vendor/laravel/framework/src/Illuminate/Container/Util.php(36): Illuminate\\Container\\BoundMethod::Illuminate\\Container\\{closure}()
#14 /var/www/html/laravel7/vendor/laravel/framework/src/Illuminate/Container/BoundMethod.php(90): Illuminate\\Container\\Util::unwrapIfClosure(Object(Closure))
#15 /var/www/html/laravel7/vendor/laravel/framework/src/Illuminate/Container/BoundMethod.php(34): Illuminate\\Container\\BoundMethod::callBoundMethod(Object(Illuminate\\Foundation\\Application), Array, Object(Closure))
#16 /var/www/html/laravel7/vendor/laravel/framework/src/Illuminate/Container/Container.php(592): Illuminate\\Container\\BoundMethod::call(Object(Illuminate\\Foundation\\Application), Array, Array, NULL)
#17 /var/www/html/laravel7/vendor/laravel/framework/src/Illuminate/Console/Command.php(134): Illuminate\\Container\\Container->call(Array)
#18 /var/www/html/laravel7/vendor/symfony/console/Command/Command.php(255): Illuminate\\Console\\Command->execute(Object(Symfony\\Component\\Console\\Input\\ArgvInput), Object(Illuminate\\Console\\OutputStyle))
#19 /var/www/html/laravel7/vendor/laravel/framework/src/Illuminate/Console/Command.php(121): Symfony\\Component\\Console\\Command\\Command->run(Object(Symfony\\Component\\Console\\Input\\ArgvInput), Object(Illuminate\\Console\\OutputStyle))
#20 /var/www/html/laravel7/vendor/symfony/console/Application.php(912): Illuminate\\Console\\Command->run(Object(Symfony\\Component\\Console\\Input\\ArgvInput), Object(Symfony\\Component\\Console\\Output\\ConsoleOutput))
#21 /var/www/html/laravel7/vendor/symfony/console/Application.php(264): Symfony\\Component\\Console\\Application->doRunCommand(Object(L5Swagger\\Console\\GenerateDocsCommand), Object(Symfony\\Component\\Console\\Input\\ArgvInput), Object(Symfony\\Component\\Console\\Output\\ConsoleOutput))
#22 /var/www/html/laravel7/vendor/symfony/console/Application.php(140): Symfony\\Component\\Console\\Application->doRun(Object(Symfony\\Component\\Console\\Input\\ArgvInput), Object(Symfony\\Component\\Console\\Output\\ConsoleOutput))
#23 /var/www/html/laravel7/vendor/laravel/framework/src/Illuminate/Console/Application.php(93): Symfony\\Component\\Console\\Application->run(Object(Symfony\\Component\\Console\\Input\\ArgvInput), Object(Symfony\\Component\\Console\\Output\\ConsoleOutput))
#24 /var/www/html/laravel7/vendor/laravel/framework/src/Illuminate/Foundation/Console/Kernel.php(129): Illuminate\\Console\\Application->run(Object(Symfony\\Component\\Console\\Input\\ArgvInput), Object(Symfony\\Component\\Console\\Output\\ConsoleOutput))
#25 /var/www/html/laravel7/artisan(37): Illuminate\\Foundation\\Console\\Kernel->handle(Object(Symfony\\Component\\Console\\Input\\ArgvInput), Object(Symfony\\Component\\Console\\Output\\ConsoleOutput))
#26 {main}
"} 
[2020-04-02 16:51:08] local.ERROR: Required @OA\Info() not found {"exception":"[object] (ErrorException(code: 0): Required @OA\\Info() not found at /var/www/html/laravel7/vendor/zircote/swagger-php/src/Logger.php:39)
[stacktrace]
#0 [internal function]: Illuminate\\Foundation\\Bootstrap\\HandleExceptions->handleError(1024, 'Required @OA\\\\In...', '/var/www/html/l...', 39, Array)
#1 /var/www/html/laravel7/vendor/zircote/swagger-php/src/Logger.php(39): trigger_error('Required @OA\\\\In...', 1024)
#2 [internal function]: OpenApi\\Logger->OpenApi\\{closure}('Required @OA\\\\In...', 1024)
#3 /var/www/html/laravel7/vendor/zircote/swagger-php/src/Logger.php(71): call_user_func(Object(Closure), 'Required @OA\\\\In...', 1024)
#4 /var/www/html/laravel7/vendor/zircote/swagger-php/src/Annotations/AbstractAnnotation.php(427): OpenApi\\Logger::notice('Required @OA\\\\In...')
#5 /var/www/html/laravel7/vendor/zircote/swagger-php/src/Annotations/OpenApi.php(135): OpenApi\\Annotations\\AbstractAnnotation->validate(Array, Array, '#')
#6 /var/www/html/laravel7/vendor/zircote/swagger-php/src/Analysis.php(422): OpenApi\\Annotations\\OpenApi->validate()
#7 /var/www/html/laravel7/vendor/zircote/swagger-php/src/functions.php(48): OpenApi\\Analysis->validate()
#8 /var/www/html/laravel7/vendor/darkaonline/l5-swagger/src/Generator.php(147): OpenApi\\scan(Array, Array)
#9 /var/www/html/laravel7/vendor/darkaonline/l5-swagger/src/Generator.php(88): L5Swagger\\Generator->scanFilesForDocumentation()
#10 /var/www/html/laravel7/vendor/darkaonline/l5-swagger/src/Console/GenerateDocsCommand.php(44): L5Swagger\\Generator->generateDocs()
#11 [internal function]: L5Swagger\\Console\\GenerateDocsCommand->handle()
#12 /var/www/html/laravel7/vendor/laravel/framework/src/Illuminate/Container/BoundMethod.php(32): call_user_func_array(Array, Array)
#13 /var/www/html/laravel7/vendor/laravel/framework/src/Illuminate/Container/Util.php(36): Illuminate\\Container\\BoundMethod::Illuminate\\Container\\{closure}()
#14 /var/www/html/laravel7/vendor/laravel/framework/src/Illuminate/Container/BoundMethod.php(90): Illuminate\\Container\\Util::unwrapIfClosure(Object(Closure))
#15 /var/www/html/laravel7/vendor/laravel/framework/src/Illuminate/Container/BoundMethod.php(34): Illuminate\\Container\\BoundMethod::callBoundMethod(Object(Illuminate\\Foundation\\Application), Array, Object(Closure))
#16 /var/www/html/laravel7/vendor/laravel/framework/src/Illuminate/Container/Container.php(592): Illuminate\\Container\\BoundMethod::call(Object(Illuminate\\Foundation\\Application), Array, Array, NULL)
#17 /var/www/html/laravel7/vendor/laravel/framework/src/Illuminate/Console/Command.php(134): Illuminate\\Container\\Container->call(Array)
#18 /var/www/html/laravel7/vendor/symfony/console/Command/Command.php(255): Illuminate\\Console\\Command->execute(Object(Symfony\\Component\\Console\\Input\\ArgvInput), Object(Illuminate\\Console\\OutputStyle))
#19 /var/www/html/laravel7/vendor/laravel/framework/src/Illuminate/Console/Command.php(121): Symfony\\Component\\Console\\Command\\Command->run(Object(Symfony\\Component\\Console\\Input\\ArgvInput), Object(Illuminate\\Console\\OutputStyle))
#20 /var/www/html/laravel7/vendor/symfony/console/Application.php(912): Illuminate\\Console\\Command->run(Object(Symfony\\Component\\Console\\Input\\ArgvInput), Object(Symfony\\Component\\Console\\Output\\ConsoleOutput))
#21 /var/www/html/laravel7/vendor/symfony/console/Application.php(264): Symfony\\Component\\Console\\Application->doRunCommand(Object(L5Swagger\\Console\\GenerateDocsCommand), Object(Symfony\\Component\\Console\\Input\\ArgvInput), Object(Symfony\\Component\\Console\\Output\\ConsoleOutput))
#22 /var/www/html/laravel7/vendor/symfony/console/Application.php(140): Symfony\\Component\\Console\\Application->doRun(Object(Symfony\\Component\\Console\\Input\\ArgvInput), Object(Symfony\\Component\\Console\\Output\\ConsoleOutput))
#23 /var/www/html/laravel7/vendor/laravel/framework/src/Illuminate/Console/Application.php(93): Symfony\\Component\\Console\\Application->run(Object(Symfony\\Component\\Console\\Input\\ArgvInput), Object(Symfony\\Component\\Console\\Output\\ConsoleOutput))
#24 /var/www/html/laravel7/vendor/laravel/framework/src/Illuminate/Foundation/Console/Kernel.php(129): Illuminate\\Console\\Application->run(Object(Symfony\\Component\\Console\\Input\\ArgvInput), Object(Symfony\\Component\\Console\\Output\\ConsoleOutput))
#25 /var/www/html/laravel7/artisan(37): Illuminate\\Foundation\\Console\\Kernel->handle(Object(Symfony\\Component\\Console\\Input\\ArgvInput), Object(Symfony\\Component\\Console\\Output\\ConsoleOutput))
#26 {main}
"} 
[2020-04-02 16:52:06] local.ERROR: Required @OA\Info() not found {"exception":"[object] (ErrorException(code: 0): Required @OA\\Info() not found at /var/www/html/laravel7/vendor/zircote/swagger-php/src/Logger.php:39)
[stacktrace]
#0 [internal function]: Illuminate\\Foundation\\Bootstrap\\HandleExceptions->handleError(1024, 'Required @OA\\\\In...', '/var/www/html/l...', 39, Array)
#1 /var/www/html/laravel7/vendor/zircote/swagger-php/src/Logger.php(39): trigger_error('Required @OA\\\\In...', 1024)
#2 [internal function]: OpenApi\\Logger->OpenApi\\{closure}('Required @OA\\\\In...', 1024)
#3 /var/www/html/laravel7/vendor/zircote/swagger-php/src/Logger.php(71): call_user_func(Object(Closure), 'Required @OA\\\\In...', 1024)
#4 /var/www/html/laravel7/vendor/zircote/swagger-php/src/Annotations/AbstractAnnotation.php(427): OpenApi\\Logger::notice('Required @OA\\\\In...')
#5 /var/www/html/laravel7/vendor/zircote/swagger-php/src/Annotations/OpenApi.php(135): OpenApi\\Annotations\\AbstractAnnotation->validate(Array, Array, '#')
#6 /var/www/html/laravel7/vendor/zircote/swagger-php/src/Analysis.php(422): OpenApi\\Annotations\\OpenApi->validate()
#7 /var/www/html/laravel7/vendor/zircote/swagger-php/src/functions.php(48): OpenApi\\Analysis->validate()
#8 /var/www/html/laravel7/vendor/darkaonline/l5-swagger/src/Generator.php(147): OpenApi\\scan(Array, Array)
#9 /var/www/html/laravel7/vendor/darkaonline/l5-swagger/src/Generator.php(88): L5Swagger\\Generator->scanFilesForDocumentation()
#10 /var/www/html/laravel7/vendor/darkaonline/l5-swagger/src/Console/GenerateDocsCommand.php(44): L5Swagger\\Generator->generateDocs()
#11 [internal function]: L5Swagger\\Console\\GenerateDocsCommand->handle()
#12 /var/www/html/laravel7/vendor/laravel/framework/src/Illuminate/Container/BoundMethod.php(32): call_user_func_array(Array, Array)
#13 /var/www/html/laravel7/vendor/laravel/framework/src/Illuminate/Container/Util.php(36): Illuminate\\Container\\BoundMethod::Illuminate\\Container\\{closure}()
#14 /var/www/html/laravel7/vendor/laravel/framework/src/Illuminate/Container/BoundMethod.php(90): Illuminate\\Container\\Util::unwrapIfClosure(Object(Closure))
#15 /var/www/html/laravel7/vendor/laravel/framework/src/Illuminate/Container/BoundMethod.php(34): Illuminate\\Container\\BoundMethod::callBoundMethod(Object(Illuminate\\Foundation\\Application), Array, Object(Closure))
#16 /var/www/html/laravel7/vendor/laravel/framework/src/Illuminate/Container/Container.php(592): Illuminate\\Container\\BoundMethod::call(Object(Illuminate\\Foundation\\Application), Array, Array, NULL)
#17 /var/www/html/laravel7/vendor/laravel/framework/src/Illuminate/Console/Command.php(134): Illuminate\\Container\\Container->call(Array)
#18 /var/www/html/laravel7/vendor/symfony/console/Command/Command.php(255): Illuminate\\Console\\Command->execute(Object(Symfony\\Component\\Console\\Input\\ArgvInput), Object(Illuminate\\Console\\OutputStyle))
#19 /var/www/html/laravel7/vendor/laravel/framework/src/Illuminate/Console/Command.php(121): Symfony\\Component\\Console\\Command\\Command->run(Object(Symfony\\Component\\Console\\Input\\ArgvInput), Object(Illuminate\\Console\\OutputStyle))
#20 /var/www/html/laravel7/vendor/symfony/console/Application.php(912): Illuminate\\Console\\Command->run(Object(Symfony\\Component\\Console\\Input\\ArgvInput), Object(Symfony\\Component\\Console\\Output\\ConsoleOutput))
#21 /var/www/html/laravel7/vendor/symfony/console/Application.php(264): Symfony\\Component\\Console\\Application->doRunCommand(Object(L5Swagger\\Console\\GenerateDocsCommand), Object(Symfony\\Component\\Console\\Input\\ArgvInput), Object(Symfony\\Component\\Console\\Output\\ConsoleOutput))
#22 /var/www/html/laravel7/vendor/symfony/console/Application.php(140): Symfony\\Component\\Console\\Application->doRun(Object(Symfony\\Component\\Console\\Input\\ArgvInput), Object(Symfony\\Component\\Console\\Output\\ConsoleOutput))
#23 /var/www/html/laravel7/vendor/laravel/framework/src/Illuminate/Console/Application.php(93): Symfony\\Component\\Console\\Application->run(Object(Symfony\\Component\\Console\\Input\\ArgvInput), Object(Symfony\\Component\\Console\\Output\\ConsoleOutput))
#24 /var/www/html/laravel7/vendor/laravel/framework/src/Illuminate/Foundation/Console/Kernel.php(129): Illuminate\\Console\\Application->run(Object(Symfony\\Component\\Console\\Input\\ArgvInput), Object(Symfony\\Component\\Console\\Output\\ConsoleOutput))
#25 /var/www/html/laravel7/artisan(37): Illuminate\\Foundation\\Console\\Kernel->handle(Object(Symfony\\Component\\Console\\Input\\ArgvInput), Object(Symfony\\Component\\Console\\Output\\ConsoleOutput))
#26 {main}
"} 
[2020-04-02 16:56:10] local.ERROR: Required @OA\Info() not found {"exception":"[object] (ErrorException(code: 0): Required @OA\\Info() not found at /var/www/html/laravel7/vendor/zircote/swagger-php/src/Logger.php:39)
[stacktrace]
#0 [internal function]: Illuminate\\Foundation\\Bootstrap\\HandleExceptions->handleError(1024, 'Required @OA\\\\In...', '/var/www/html/l...', 39, Array)
#1 /var/www/html/laravel7/vendor/zircote/swagger-php/src/Logger.php(39): trigger_error('Required @OA\\\\In...', 1024)
#2 [internal function]: OpenApi\\Logger->OpenApi\\{closure}('Required @OA\\\\In...', 1024)
#3 /var/www/html/laravel7/vendor/zircote/swagger-php/src/Logger.php(71): call_user_func(Object(Closure), 'Required @OA\\\\In...', 1024)
#4 /var/www/html/laravel7/vendor/zircote/swagger-php/src/Annotations/AbstractAnnotation.php(427): OpenApi\\Logger::notice('Required @OA\\\\In...')
#5 /var/www/html/laravel7/vendor/zircote/swagger-php/src/Annotations/OpenApi.php(135): OpenApi\\Annotations\\AbstractAnnotation->validate(Array, Array, '#')
#6 /var/www/html/laravel7/vendor/zircote/swagger-php/src/Analysis.php(422): OpenApi\\Annotations\\OpenApi->validate()
#7 /var/www/html/laravel7/vendor/zircote/swagger-php/src/functions.php(48): OpenApi\\Analysis->validate()
#8 /var/www/html/laravel7/vendor/darkaonline/l5-swagger/src/Generator.php(147): OpenApi\\scan(Array, Array)
#9 /var/www/html/laravel7/vendor/darkaonline/l5-swagger/src/Generator.php(88): L5Swagger\\Generator->scanFilesForDocumentation()
#10 /var/www/html/laravel7/vendor/darkaonline/l5-swagger/src/Console/GenerateDocsCommand.php(44): L5Swagger\\Generator->generateDocs()
#11 [internal function]: L5Swagger\\Console\\GenerateDocsCommand->handle()
#12 /var/www/html/laravel7/vendor/laravel/framework/src/Illuminate/Container/BoundMethod.php(32): call_user_func_array(Array, Array)
#13 /var/www/html/laravel7/vendor/laravel/framework/src/Illuminate/Container/Util.php(36): Illuminate\\Container\\BoundMethod::Illuminate\\Container\\{closure}()
#14 /var/www/html/laravel7/vendor/laravel/framework/src/Illuminate/Container/BoundMethod.php(90): Illuminate\\Container\\Util::unwrapIfClosure(Object(Closure))
#15 /var/www/html/laravel7/vendor/laravel/framework/src/Illuminate/Container/BoundMethod.php(34): Illuminate\\Container\\BoundMethod::callBoundMethod(Object(Illuminate\\Foundation\\Application), Array, Object(Closure))
#16 /var/www/html/laravel7/vendor/laravel/framework/src/Illuminate/Container/Container.php(592): Illuminate\\Container\\BoundMethod::call(Object(Illuminate\\Foundation\\Application), Array, Array, NULL)
#17 /var/www/html/laravel7/vendor/laravel/framework/src/Illuminate/Console/Command.php(134): Illuminate\\Container\\Container->call(Array)
#18 /var/www/html/laravel7/vendor/symfony/console/Command/Command.php(255): Illuminate\\Console\\Command->execute(Object(Symfony\\Component\\Console\\Input\\ArgvInput), Object(Illuminate\\Console\\OutputStyle))
#19 /var/www/html/laravel7/vendor/laravel/framework/src/Illuminate/Console/Command.php(121): Symfony\\Component\\Console\\Command\\Command->run(Object(Symfony\\Component\\Console\\Input\\ArgvInput), Object(Illuminate\\Console\\OutputStyle))
#20 /var/www/html/laravel7/vendor/symfony/console/Application.php(912): Illuminate\\Console\\Command->run(Object(Symfony\\Component\\Console\\Input\\ArgvInput), Object(Symfony\\Component\\Console\\Output\\ConsoleOutput))
#21 /var/www/html/laravel7/vendor/symfony/console/Application.php(264): Symfony\\Component\\Console\\Application->doRunCommand(Object(L5Swagger\\Console\\GenerateDocsCommand), Object(Symfony\\Component\\Console\\Input\\ArgvInput), Object(Symfony\\Component\\Console\\Output\\ConsoleOutput))
#22 /var/www/html/laravel7/vendor/symfony/console/Application.php(140): Symfony\\Component\\Console\\Application->doRun(Object(Symfony\\Component\\Console\\Input\\ArgvInput), Object(Symfony\\Component\\Console\\Output\\ConsoleOutput))
#23 /var/www/html/laravel7/vendor/laravel/framework/src/Illuminate/Console/Application.php(93): Symfony\\Component\\Console\\Application->run(Object(Symfony\\Component\\Console\\Input\\ArgvInput), Object(Symfony\\Component\\Console\\Output\\ConsoleOutput))
#24 /var/www/html/laravel7/vendor/laravel/framework/src/Illuminate/Foundation/Console/Kernel.php(129): Illuminate\\Console\\Application->run(Object(Symfony\\Component\\Console\\Input\\ArgvInput), Object(Symfony\\Component\\Console\\Output\\ConsoleOutput))
#25 /var/www/html/laravel7/artisan(37): Illuminate\\Foundation\\Console\\Kernel->handle(Object(Symfony\\Component\\Console\\Input\\ArgvInput), Object(Symfony\\Component\\Console\\Output\\ConsoleOutput))
#26 {main}
"} 
[2020-04-02 16:59:31] local.ERROR: Required @OA\PathItem() not found {"exception":"[object] (ErrorException(code: 0): Required @OA\\PathItem() not found at /var/www/html/laravel7/vendor/zircote/swagger-php/src/Logger.php:39)
[stacktrace]
#0 [internal function]: Illuminate\\Foundation\\Bootstrap\\HandleExceptions->handleError(1024, 'Required @OA\\\\Pa...', '/var/www/html/l...', 39, Array)
#1 /var/www/html/laravel7/vendor/zircote/swagger-php/src/Logger.php(39): trigger_error('Required @OA\\\\Pa...', 1024)
#2 [internal function]: OpenApi\\Logger->OpenApi\\{closure}('Required @OA\\\\Pa...', 1024)
#3 /var/www/html/laravel7/vendor/zircote/swagger-php/src/Logger.php(71): call_user_func(Object(Closure), 'Required @OA\\\\Pa...', 1024)
#4 /var/www/html/laravel7/vendor/zircote/swagger-php/src/Annotations/AbstractAnnotation.php(427): OpenApi\\Logger::notice('Required @OA\\\\Pa...')
#5 /var/www/html/laravel7/vendor/zircote/swagger-php/src/Annotations/OpenApi.php(135): OpenApi\\Annotations\\AbstractAnnotation->validate(Array, Array, '#')
#6 /var/www/html/laravel7/vendor/zircote/swagger-php/src/Analysis.php(422): OpenApi\\Annotations\\OpenApi->validate()
#7 /var/www/html/laravel7/vendor/zircote/swagger-php/src/functions.php(48): OpenApi\\Analysis->validate()
#8 /var/www/html/laravel7/vendor/darkaonline/l5-swagger/src/Generator.php(147): OpenApi\\scan(Array, Array)
#9 /var/www/html/laravel7/vendor/darkaonline/l5-swagger/src/Generator.php(88): L5Swagger\\Generator->scanFilesForDocumentation()
#10 /var/www/html/laravel7/vendor/darkaonline/l5-swagger/src/Console/GenerateDocsCommand.php(44): L5Swagger\\Generator->generateDocs()
#11 [internal function]: L5Swagger\\Console\\GenerateDocsCommand->handle()
#12 /var/www/html/laravel7/vendor/laravel/framework/src/Illuminate/Container/BoundMethod.php(32): call_user_func_array(Array, Array)
#13 /var/www/html/laravel7/vendor/laravel/framework/src/Illuminate/Container/Util.php(36): Illuminate\\Container\\BoundMethod::Illuminate\\Container\\{closure}()
#14 /var/www/html/laravel7/vendor/laravel/framework/src/Illuminate/Container/BoundMethod.php(90): Illuminate\\Container\\Util::unwrapIfClosure(Object(Closure))
#15 /var/www/html/laravel7/vendor/laravel/framework/src/Illuminate/Container/BoundMethod.php(34): Illuminate\\Container\\BoundMethod::callBoundMethod(Object(Illuminate\\Foundation\\Application), Array, Object(Closure))
#16 /var/www/html/laravel7/vendor/laravel/framework/src/Illuminate/Container/Container.php(592): Illuminate\\Container\\BoundMethod::call(Object(Illuminate\\Foundation\\Application), Array, Array, NULL)
#17 /var/www/html/laravel7/vendor/laravel/framework/src/Illuminate/Console/Command.php(134): Illuminate\\Container\\Container->call(Array)
#18 /var/www/html/laravel7/vendor/symfony/console/Command/Command.php(255): Illuminate\\Console\\Command->execute(Object(Symfony\\Component\\Console\\Input\\ArgvInput), Object(Illuminate\\Console\\OutputStyle))
#19 /var/www/html/laravel7/vendor/laravel/framework/src/Illuminate/Console/Command.php(121): Symfony\\Component\\Console\\Command\\Command->run(Object(Symfony\\Component\\Console\\Input\\ArgvInput), Object(Illuminate\\Console\\OutputStyle))
#20 /var/www/html/laravel7/vendor/symfony/console/Application.php(912): Illuminate\\Console\\Command->run(Object(Symfony\\Component\\Console\\Input\\ArgvInput), Object(Symfony\\Component\\Console\\Output\\ConsoleOutput))
#21 /var/www/html/laravel7/vendor/symfony/console/Application.php(264): Symfony\\Component\\Console\\Application->doRunCommand(Object(L5Swagger\\Console\\GenerateDocsCommand), Object(Symfony\\Component\\Console\\Input\\ArgvInput), Object(Symfony\\Component\\Console\\Output\\ConsoleOutput))
#22 /var/www/html/laravel7/vendor/symfony/console/Application.php(140): Symfony\\Component\\Console\\Application->doRun(Object(Symfony\\Component\\Console\\Input\\ArgvInput), Object(Symfony\\Component\\Console\\Output\\ConsoleOutput))
#23 /var/www/html/laravel7/vendor/laravel/framework/src/Illuminate/Console/Application.php(93): Symfony\\Component\\Console\\Application->run(Object(Symfony\\Component\\Console\\Input\\ArgvInput), Object(Symfony\\Component\\Console\\Output\\ConsoleOutput))
#24 /var/www/html/laravel7/vendor/laravel/framework/src/Illuminate/Foundation/Console/Kernel.php(129): Illuminate\\Console\\Application->run(Object(Symfony\\Component\\Console\\Input\\ArgvInput), Object(Symfony\\Component\\Console\\Output\\ConsoleOutput))
#25 /var/www/html/laravel7/artisan(37): Illuminate\\Foundation\\Console\\Kernel->handle(Object(Symfony\\Component\\Console\\Input\\ArgvInput), Object(Symfony\\Component\\Console\\Output\\ConsoleOutput))
#26 {main}
"} 
[2020-04-02 17:02:39] local.ERROR: L5Swagger\Exceptions\L5SwaggerException: Documentation storage directory is not writable in /var/www/html/laravel7/vendor/darkaonline/l5-swagger/src/Generator.php:104
Stack trace:
#0 /var/www/html/laravel7/vendor/darkaonline/l5-swagger/src/Generator.php(86): L5Swagger\Generator->prepareDirectory()
#1 /var/www/html/laravel7/vendor/darkaonline/l5-swagger/src/Http/Controllers/SwaggerController.php(46): L5Swagger\Generator->generateDocs()
#2 [internal function]: L5Swagger\Http\Controllers\SwaggerController->docs('api-docs.json')
#3 /var/www/html/laravel7/vendor/laravel/framework/src/Illuminate/Routing/Controller.php(54): call_user_func_array(Array, Array)
#4 /var/www/html/laravel7/vendor/laravel/framework/src/Illuminate/Routing/ControllerDispatcher.php(45): Illuminate\Routing\Controller->callAction('docs', Array)
#5 /var/www/html/laravel7/vendor/laravel/framework/src/Illuminate/Routing/Route.php(225): Illuminate\Routing\ControllerDispatcher->dispatch(Object(Illuminate\Routing\Route), Object(L5Swagger\Http\Controllers\SwaggerController), 'docs')
#6 /var/www/html/laravel7/vendor/laravel/framework/src/Illuminate/Routing/Route.php(182): Illuminate\Routing\Route->runController()
#7 /var/www/html/laravel7/vendor/laravel/framework/src/Illuminate/Routing/Router.php(685): Illuminate\Routing\Route->run()
#8 /var/www/html/laravel7/vendor/laravel/framework/src/Illuminate/Pipeline/Pipeline.php(128): Illuminate\Routing\Router->Illuminate\Routing\{closure}(Object(Illuminate\Http\Request))
#9 /var/www/html/laravel7/vendor/laravel/framework/src/Illuminate/Pipeline/Pipeline.php(103): Illuminate\Pipeline\Pipeline->Illuminate\Pipeline\{closure}(Object(Illuminate\Http\Request))
#10 /var/www/html/laravel7/vendor/laravel/framework/src/Illuminate/Routing/Router.php(687): Illuminate\Pipeline\Pipeline->then(Object(Closure))
#11 /var/www/html/laravel7/vendor/laravel/framework/src/Illuminate/Routing/Router.php(662): Illuminate\Routing\Router->runRouteWithinStack(Object(Illuminate\Routing\Route), Object(Illuminate\Http\Request))
#12 /var/www/html/laravel7/vendor/laravel/framework/src/Illuminate/Routing/Router.php(628): Illuminate\Routing\Router->runRoute(Object(Illuminate\Http\Request), Object(Illuminate\Routing\Route))
#13 /var/www/html/laravel7/vendor/laravel/framework/src/Illuminate/Routing/Router.php(617): Illuminate\Routing\Router->dispatchToRoute(Object(Illuminate\Http\Request))
#14 /var/www/html/laravel7/vendor/laravel/framework/src/Illuminate/Foundation/Http/Kernel.php(165): Illuminate\Routing\Router->dispatch(Object(Illuminate\Http\Request))
#15 /var/www/html/laravel7/vendor/laravel/framework/src/Illuminate/Pipeline/Pipeline.php(128): Illuminate\Foundation\Http\Kernel->Illuminate\Foundation\Http\{closure}(Object(Illuminate\Http\Request))
#16 /var/www/html/laravel7/vendor/laravel/framework/src/Illuminate/Foundation/Http/Middleware/TransformsRequest.php(21): Illuminate\Pipeline\Pipeline->Illuminate\Pipeline\{closure}(Object(Illuminate\Http\Request))
#17 /var/www/html/laravel7/vendor/laravel/framework/src/Illuminate/Pipeline/Pipeline.php(167): Illuminate\Foundation\Http\Middleware\TransformsRequest->handle(Object(Illuminate\Http\Request), Object(Closure))
#18 /var/www/html/laravel7/vendor/laravel/framework/src/Illuminate/Foundation/Http/Middleware/TransformsRequest.php(21): Illuminate\Pipeline\Pipeline->Illuminate\Pipeline\{closure}(Object(Illuminate\Http\Request))
#19 /var/www/html/laravel7/vendor/laravel/framework/src/Illuminate/Pipeline/Pipeline.php(167): Illuminate\Foundation\Http\Middleware\TransformsRequest->handle(Object(Illuminate\Http\Request), Object(Closure))
#20 /var/www/html/laravel7/vendor/laravel/framework/src/Illuminate/Foundation/Http/Middleware/ValidatePostSize.php(27): Illuminate\Pipeline\Pipeline->Illuminate\Pipeline\{closure}(Object(Illuminate\Http\Request))
#21 /var/www/html/laravel7/vendor/laravel/framework/src/Illuminate/Pipeline/Pipeline.php(167): Illuminate\Foundation\Http\Middleware\ValidatePostSize->handle(Object(Illuminate\Http\Request), Object(Closure))
#22 /var/www/html/laravel7/vendor/laravel/framework/src/Illuminate/Foundation/Http/Middleware/CheckForMaintenanceMode.php(63): Illuminate\Pipeline\Pipeline->Illuminate\Pipeline\{closure}(Object(Illuminate\Http\Request))
#23 /var/www/html/laravel7/vendor/laravel/framework/src/Illuminate/Pipeline/Pipeline.php(167): Illuminate\Foundation\Http\Middleware\CheckForMaintenanceMode->handle(Object(Illuminate\Http\Request), Object(Closure))
#24 /var/www/html/laravel7/vendor/fruitcake/laravel-cors/src/HandleCors.php(36): Illuminate\Pipeline\Pipeline->Illuminate\Pipeline\{closure}(Object(Illuminate\Http\Request))
#25 /var/www/html/laravel7/vendor/laravel/framework/src/Illuminate/Pipeline/Pipeline.php(167): Fruitcake\Cors\HandleCors->handle(Object(Illuminate\Http\Request), Object(Closure))
#26 /var/www/html/laravel7/vendor/fideloper/proxy/src/TrustProxies.php(57): Illuminate\Pipeline\Pipeline->Illuminate\Pipeline\{closure}(Object(Illuminate\Http\Request))
#27 /var/www/html/laravel7/vendor/laravel/framework/src/Illuminate/Pipeline/Pipeline.php(167): Fideloper\Proxy\TrustProxies->handle(Object(Illuminate\Http\Request), Object(Closure))
#28 /var/www/html/laravel7/vendor/laravel/framework/src/Illuminate/Pipeline/Pipeline.php(103): Illuminate\Pipeline\Pipeline->Illuminate\Pipeline\{closure}(Object(Illuminate\Http\Request))
#29 /var/www/html/laravel7/vendor/laravel/framework/src/Illuminate/Foundation/Http/Kernel.php(140): Illuminate\Pipeline\Pipeline->then(Object(Closure))
#30 /var/www/html/laravel7/vendor/laravel/framework/src/Illuminate/Foundation/Http/Kernel.php(109): Illuminate\Foundation\Http\Kernel->sendRequestThroughRouter(Object(Illuminate\Http\Request))
#31 /var/www/html/laravel7/public/index.php(55): Illuminate\Foundation\Http\Kernel->handle(Object(Illuminate\Http\Request))
#32 {main}  
[2020-04-02 17:10:01] local.ERROR: L5Swagger\Exceptions\L5SwaggerException: Documentation storage directory is not writable in /var/www/html/laravel7/vendor/darkaonline/l5-swagger/src/Generator.php:104
Stack trace:
#0 /var/www/html/laravel7/vendor/darkaonline/l5-swagger/src/Generator.php(86): L5Swagger\Generator->prepareDirectory()
#1 /var/www/html/laravel7/vendor/darkaonline/l5-swagger/src/Http/Controllers/SwaggerController.php(46): L5Swagger\Generator->generateDocs()
#2 [internal function]: L5Swagger\Http\Controllers\SwaggerController->docs('api-docs.json')
#3 /var/www/html/laravel7/vendor/laravel/framework/src/Illuminate/Routing/Controller.php(54): call_user_func_array(Array, Array)
#4 /var/www/html/laravel7/vendor/laravel/framework/src/Illuminate/Routing/ControllerDispatcher.php(45): Illuminate\Routing\Controller->callAction('docs', Array)
#5 /var/www/html/laravel7/vendor/laravel/framework/src/Illuminate/Routing/Route.php(225): Illuminate\Routing\ControllerDispatcher->dispatch(Object(Illuminate\Routing\Route), Object(L5Swagger\Http\Controllers\SwaggerController), 'docs')
#6 /var/www/html/laravel7/vendor/laravel/framework/src/Illuminate/Routing/Route.php(182): Illuminate\Routing\Route->runController()
#7 /var/www/html/laravel7/vendor/laravel/framework/src/Illuminate/Routing/Router.php(685): Illuminate\Routing\Route->run()
#8 /var/www/html/laravel7/vendor/laravel/framework/src/Illuminate/Pipeline/Pipeline.php(128): Illuminate\Routing\Router->Illuminate\Routing\{closure}(Object(Illuminate\Http\Request))
#9 /var/www/html/laravel7/vendor/laravel/framework/src/Illuminate/Pipeline/Pipeline.php(103): Illuminate\Pipeline\Pipeline->Illuminate\Pipeline\{closure}(Object(Illuminate\Http\Request))
#10 /var/www/html/laravel7/vendor/laravel/framework/src/Illuminate/Routing/Router.php(687): Illuminate\Pipeline\Pipeline->then(Object(Closure))
#11 /var/www/html/laravel7/vendor/laravel/framework/src/Illuminate/Routing/Router.php(662): Illuminate\Routing\Router->runRouteWithinStack(Object(Illuminate\Routing\Route), Object(Illuminate\Http\Request))
#12 /var/www/html/laravel7/vendor/laravel/framework/src/Illuminate/Routing/Router.php(628): Illuminate\Routing\Router->runRoute(Object(Illuminate\Http\Request), Object(Illuminate\Routing\Route))
#13 /var/www/html/laravel7/vendor/laravel/framework/src/Illuminate/Routing/Router.php(617): Illuminate\Routing\Router->dispatchToRoute(Object(Illuminate\Http\Request))
#14 /var/www/html/laravel7/vendor/laravel/framework/src/Illuminate/Foundation/Http/Kernel.php(165): Illuminate\Routing\Router->dispatch(Object(Illuminate\Http\Request))
#15 /var/www/html/laravel7/vendor/laravel/framework/src/Illuminate/Pipeline/Pipeline.php(128): Illuminate\Foundation\Http\Kernel->Illuminate\Foundation\Http\{closure}(Object(Illuminate\Http\Request))
#16 /var/www/html/laravel7/vendor/laravel/framework/src/Illuminate/Foundation/Http/Middleware/TransformsRequest.php(21): Illuminate\Pipeline\Pipeline->Illuminate\Pipeline\{closure}(Object(Illuminate\Http\Request))
#17 /var/www/html/laravel7/vendor/laravel/framework/src/Illuminate/Pipeline/Pipeline.php(167): Illuminate\Foundation\Http\Middleware\TransformsRequest->handle(Object(Illuminate\Http\Request), Object(Closure))
#18 /var/www/html/laravel7/vendor/laravel/framework/src/Illuminate/Foundation/Http/Middleware/TransformsRequest.php(21): Illuminate\Pipeline\Pipeline->Illuminate\Pipeline\{closure}(Object(Illuminate\Http\Request))
#19 /var/www/html/laravel7/vendor/laravel/framework/src/Illuminate/Pipeline/Pipeline.php(167): Illuminate\Foundation\Http\Middleware\TransformsRequest->handle(Object(Illuminate\Http\Request), Object(Closure))
#20 /var/www/html/laravel7/vendor/laravel/framework/src/Illuminate/Foundation/Http/Middleware/ValidatePostSize.php(27): Illuminate\Pipeline\Pipeline->Illuminate\Pipeline\{closure}(Object(Illuminate\Http\Request))
#21 /var/www/html/laravel7/vendor/laravel/framework/src/Illuminate/Pipeline/Pipeline.php(167): Illuminate\Foundation\Http\Middleware\ValidatePostSize->handle(Object(Illuminate\Http\Request), Object(Closure))
#22 /var/www/html/laravel7/vendor/laravel/framework/src/Illuminate/Foundation/Http/Middleware/CheckForMaintenanceMode.php(63): Illuminate\Pipeline\Pipeline->Illuminate\Pipeline\{closure}(Object(Illuminate\Http\Request))
#23 /var/www/html/laravel7/vendor/laravel/framework/src/Illuminate/Pipeline/Pipeline.php(167): Illuminate\Foundation\Http\Middleware\CheckForMaintenanceMode->handle(Object(Illuminate\Http\Request), Object(Closure))
#24 /var/www/html/laravel7/vendor/fruitcake/laravel-cors/src/HandleCors.php(36): Illuminate\Pipeline\Pipeline->Illuminate\Pipeline\{closure}(Object(Illuminate\Http\Request))
#25 /var/www/html/laravel7/vendor/laravel/framework/src/Illuminate/Pipeline/Pipeline.php(167): Fruitcake\Cors\HandleCors->handle(Object(Illuminate\Http\Request), Object(Closure))
#26 /var/www/html/laravel7/vendor/fideloper/proxy/src/TrustProxies.php(57): Illuminate\Pipeline\Pipeline->Illuminate\Pipeline\{closure}(Object(Illuminate\Http\Request))
#27 /var/www/html/laravel7/vendor/laravel/framework/src/Illuminate/Pipeline/Pipeline.php(167): Fideloper\Proxy\TrustProxies->handle(Object(Illuminate\Http\Request), Object(Closure))
#28 /var/www/html/laravel7/vendor/laravel/framework/src/Illuminate/Pipeline/Pipeline.php(103): Illuminate\Pipeline\Pipeline->Illuminate\Pipeline\{closure}(Object(Illuminate\Http\Request))
#29 /var/www/html/laravel7/vendor/laravel/framework/src/Illuminate/Foundation/Http/Kernel.php(140): Illuminate\Pipeline\Pipeline->then(Object(Closure))
#30 /var/www/html/laravel7/vendor/laravel/framework/src/Illuminate/Foundation/Http/Kernel.php(109): Illuminate\Foundation\Http\Kernel->sendRequestThroughRouter(Object(Illuminate\Http\Request))
#31 /var/www/html/laravel7/public/index.php(55): Illuminate\Foundation\Http\Kernel->handle(Object(Illuminate\Http\Request))
#32 {main}  
[2020-04-02 17:11:02] local.ERROR: L5Swagger\Exceptions\L5SwaggerException: Documentation storage directory is not writable in /var/www/html/laravel7/vendor/darkaonline/l5-swagger/src/Generator.php:104
Stack trace:
#0 /var/www/html/laravel7/vendor/darkaonline/l5-swagger/src/Generator.php(86): L5Swagger\Generator->prepareDirectory()
#1 /var/www/html/laravel7/vendor/darkaonline/l5-swagger/src/Http/Controllers/SwaggerController.php(46): L5Swagger\Generator->generateDocs()
#2 [internal function]: L5Swagger\Http\Controllers\SwaggerController->docs('api-docs.json')
#3 /var/www/html/laravel7/vendor/laravel/framework/src/Illuminate/Routing/Controller.php(54): call_user_func_array(Array, Array)
#4 /var/www/html/laravel7/vendor/laravel/framework/src/Illuminate/Routing/ControllerDispatcher.php(45): Illuminate\Routing\Controller->callAction('docs', Array)
#5 /var/www/html/laravel7/vendor/laravel/framework/src/Illuminate/Routing/Route.php(225): Illuminate\Routing\ControllerDispatcher->dispatch(Object(Illuminate\Routing\Route), Object(L5Swagger\Http\Controllers\SwaggerController), 'docs')
#6 /var/www/html/laravel7/vendor/laravel/framework/src/Illuminate/Routing/Route.php(182): Illuminate\Routing\Route->runController()
#7 /var/www/html/laravel7/vendor/laravel/framework/src/Illuminate/Routing/Router.php(685): Illuminate\Routing\Route->run()
#8 /var/www/html/laravel7/vendor/laravel/framework/src/Illuminate/Pipeline/Pipeline.php(128): Illuminate\Routing\Router->Illuminate\Routing\{closure}(Object(Illuminate\Http\Request))
#9 /var/www/html/laravel7/vendor/laravel/framework/src/Illuminate/Pipeline/Pipeline.php(103): Illuminate\Pipeline\Pipeline->Illuminate\Pipeline\{closure}(Object(Illuminate\Http\Request))
#10 /var/www/html/laravel7/vendor/laravel/framework/src/Illuminate/Routing/Router.php(687): Illuminate\Pipeline\Pipeline->then(Object(Closure))
#11 /var/www/html/laravel7/vendor/laravel/framework/src/Illuminate/Routing/Router.php(662): Illuminate\Routing\Router->runRouteWithinStack(Object(Illuminate\Routing\Route), Object(Illuminate\Http\Request))
#12 /var/www/html/laravel7/vendor/laravel/framework/src/Illuminate/Routing/Router.php(628): Illuminate\Routing\Router->runRoute(Object(Illuminate\Http\Request), Object(Illuminate\Routing\Route))
#13 /var/www/html/laravel7/vendor/laravel/framework/src/Illuminate/Routing/Router.php(617): Illuminate\Routing\Router->dispatchToRoute(Object(Illuminate\Http\Request))
#14 /var/www/html/laravel7/vendor/laravel/framework/src/Illuminate/Foundation/Http/Kernel.php(165): Illuminate\Routing\Router->dispatch(Object(Illuminate\Http\Request))
#15 /var/www/html/laravel7/vendor/laravel/framework/src/Illuminate/Pipeline/Pipeline.php(128): Illuminate\Foundation\Http\Kernel->Illuminate\Foundation\Http\{closure}(Object(Illuminate\Http\Request))
#16 /var/www/html/laravel7/vendor/laravel/framework/src/Illuminate/Foundation/Http/Middleware/TransformsRequest.php(21): Illuminate\Pipeline\Pipeline->Illuminate\Pipeline\{closure}(Object(Illuminate\Http\Request))
#17 /var/www/html/laravel7/vendor/laravel/framework/src/Illuminate/Pipeline/Pipeline.php(167): Illuminate\Foundation\Http\Middleware\TransformsRequest->handle(Object(Illuminate\Http\Request), Object(Closure))
#18 /var/www/html/laravel7/vendor/laravel/framework/src/Illuminate/Foundation/Http/Middleware/TransformsRequest.php(21): Illuminate\Pipeline\Pipeline->Illuminate\Pipeline\{closure}(Object(Illuminate\Http\Request))
#19 /var/www/html/laravel7/vendor/laravel/framework/src/Illuminate/Pipeline/Pipeline.php(167): Illuminate\Foundation\Http\Middleware\TransformsRequest->handle(Object(Illuminate\Http\Request), Object(Closure))
#20 /var/www/html/laravel7/vendor/laravel/framework/src/Illuminate/Foundation/Http/Middleware/ValidatePostSize.php(27): Illuminate\Pipeline\Pipeline->Illuminate\Pipeline\{closure}(Object(Illuminate\Http\Request))
#21 /var/www/html/laravel7/vendor/laravel/framework/src/Illuminate/Pipeline/Pipeline.php(167): Illuminate\Foundation\Http\Middleware\ValidatePostSize->handle(Object(Illuminate\Http\Request), Object(Closure))
#22 /var/www/html/laravel7/vendor/laravel/framework/src/Illuminate/Foundation/Http/Middleware/CheckForMaintenanceMode.php(63): Illuminate\Pipeline\Pipeline->Illuminate\Pipeline\{closure}(Object(Illuminate\Http\Request))
#23 /var/www/html/laravel7/vendor/laravel/framework/src/Illuminate/Pipeline/Pipeline.php(167): Illuminate\Foundation\Http\Middleware\CheckForMaintenanceMode->handle(Object(Illuminate\Http\Request), Object(Closure))
#24 /var/www/html/laravel7/vendor/fruitcake/laravel-cors/src/HandleCors.php(36): Illuminate\Pipeline\Pipeline->Illuminate\Pipeline\{closure}(Object(Illuminate\Http\Request))
#25 /var/www/html/laravel7/vendor/laravel/framework/src/Illuminate/Pipeline/Pipeline.php(167): Fruitcake\Cors\HandleCors->handle(Object(Illuminate\Http\Request), Object(Closure))
#26 /var/www/html/laravel7/vendor/fideloper/proxy/src/TrustProxies.php(57): Illuminate\Pipeline\Pipeline->Illuminate\Pipeline\{closure}(Object(Illuminate\Http\Request))
#27 /var/www/html/laravel7/vendor/laravel/framework/src/Illuminate/Pipeline/Pipeline.php(167): Fideloper\Proxy\TrustProxies->handle(Object(Illuminate\Http\Request), Object(Closure))
#28 /var/www/html/laravel7/vendor/laravel/framework/src/Illuminate/Pipeline/Pipeline.php(103): Illuminate\Pipeline\Pipeline->Illuminate\Pipeline\{closure}(Object(Illuminate\Http\Request))
#29 /var/www/html/laravel7/vendor/laravel/framework/src/Illuminate/Foundation/Http/Kernel.php(140): Illuminate\Pipeline\Pipeline->then(Object(Closure))
#30 /var/www/html/laravel7/vendor/laravel/framework/src/Illuminate/Foundation/Http/Kernel.php(109): Illuminate\Foundation\Http\Kernel->sendRequestThroughRouter(Object(Illuminate\Http\Request))
#31 /var/www/html/laravel7/public/index.php(55): Illuminate\Foundation\Http\Kernel->handle(Object(Illuminate\Http\Request))
#32 {main}  
[2020-04-02 17:11:34] local.ERROR: L5Swagger\Exceptions\L5SwaggerException: Documentation storage directory is not writable in /var/www/html/laravel7/vendor/darkaonline/l5-swagger/src/Generator.php:104
Stack trace:
#0 /var/www/html/laravel7/vendor/darkaonline/l5-swagger/src/Generator.php(86): L5Swagger\Generator->prepareDirectory()
#1 /var/www/html/laravel7/vendor/darkaonline/l5-swagger/src/Http/Controllers/SwaggerController.php(46): L5Swagger\Generator->generateDocs()
#2 [internal function]: L5Swagger\Http\Controllers\SwaggerController->docs('api-docs.json')
#3 /var/www/html/laravel7/vendor/laravel/framework/src/Illuminate/Routing/Controller.php(54): call_user_func_array(Array, Array)
#4 /var/www/html/laravel7/vendor/laravel/framework/src/Illuminate/Routing/ControllerDispatcher.php(45): Illuminate\Routing\Controller->callAction('docs', Array)
#5 /var/www/html/laravel7/vendor/laravel/framework/src/Illuminate/Routing/Route.php(225): Illuminate\Routing\ControllerDispatcher->dispatch(Object(Illuminate\Routing\Route), Object(L5Swagger\Http\Controllers\SwaggerController), 'docs')
#6 /var/www/html/laravel7/vendor/laravel/framework/src/Illuminate/Routing/Route.php(182): Illuminate\Routing\Route->runController()
#7 /var/www/html/laravel7/vendor/laravel/framework/src/Illuminate/Routing/Router.php(685): Illuminate\Routing\Route->run()
#8 /var/www/html/laravel7/vendor/laravel/framework/src/Illuminate/Pipeline/Pipeline.php(128): Illuminate\Routing\Router->Illuminate\Routing\{closure}(Object(Illuminate\Http\Request))
#9 /var/www/html/laravel7/vendor/laravel/framework/src/Illuminate/Pipeline/Pipeline.php(103): Illuminate\Pipeline\Pipeline->Illuminate\Pipeline\{closure}(Object(Illuminate\Http\Request))
#10 /var/www/html/laravel7/vendor/laravel/framework/src/Illuminate/Routing/Router.php(687): Illuminate\Pipeline\Pipeline->then(Object(Closure))
#11 /var/www/html/laravel7/vendor/laravel/framework/src/Illuminate/Routing/Router.php(662): Illuminate\Routing\Router->runRouteWithinStack(Object(Illuminate\Routing\Route), Object(Illuminate\Http\Request))
#12 /var/www/html/laravel7/vendor/laravel/framework/src/Illuminate/Routing/Router.php(628): Illuminate\Routing\Router->runRoute(Object(Illuminate\Http\Request), Object(Illuminate\Routing\Route))
#13 /var/www/html/laravel7/vendor/laravel/framework/src/Illuminate/Routing/Router.php(617): Illuminate\Routing\Router->dispatchToRoute(Object(Illuminate\Http\Request))
#14 /var/www/html/laravel7/vendor/laravel/framework/src/Illuminate/Foundation/Http/Kernel.php(165): Illuminate\Routing\Router->dispatch(Object(Illuminate\Http\Request))
#15 /var/www/html/laravel7/vendor/laravel/framework/src/Illuminate/Pipeline/Pipeline.php(128): Illuminate\Foundation\Http\Kernel->Illuminate\Foundation\Http\{closure}(Object(Illuminate\Http\Request))
#16 /var/www/html/laravel7/vendor/laravel/framework/src/Illuminate/Foundation/Http/Middleware/TransformsRequest.php(21): Illuminate\Pipeline\Pipeline->Illuminate\Pipeline\{closure}(Object(Illuminate\Http\Request))
#17 /var/www/html/laravel7/vendor/laravel/framework/src/Illuminate/Pipeline/Pipeline.php(167): Illuminate\Foundation\Http\Middleware\TransformsRequest->handle(Object(Illuminate\Http\Request), Object(Closure))
#18 /var/www/html/laravel7/vendor/laravel/framework/src/Illuminate/Foundation/Http/Middleware/TransformsRequest.php(21): Illuminate\Pipeline\Pipeline->Illuminate\Pipeline\{closure}(Object(Illuminate\Http\Request))
#19 /var/www/html/laravel7/vendor/laravel/framework/src/Illuminate/Pipeline/Pipeline.php(167): Illuminate\Foundation\Http\Middleware\TransformsRequest->handle(Object(Illuminate\Http\Request), Object(Closure))
#20 /var/www/html/laravel7/vendor/laravel/framework/src/Illuminate/Foundation/Http/Middleware/ValidatePostSize.php(27): Illuminate\Pipeline\Pipeline->Illuminate\Pipeline\{closure}(Object(Illuminate\Http\Request))
#21 /var/www/html/laravel7/vendor/laravel/framework/src/Illuminate/Pipeline/Pipeline.php(167): Illuminate\Foundation\Http\Middleware\ValidatePostSize->handle(Object(Illuminate\Http\Request), Object(Closure))
#22 /var/www/html/laravel7/vendor/laravel/framework/src/Illuminate/Foundation/Http/Middleware/CheckForMaintenanceMode.php(63): Illuminate\Pipeline\Pipeline->Illuminate\Pipeline\{closure}(Object(Illuminate\Http\Request))
#23 /var/www/html/laravel7/vendor/laravel/framework/src/Illuminate/Pipeline/Pipeline.php(167): Illuminate\Foundation\Http\Middleware\CheckForMaintenanceMode->handle(Object(Illuminate\Http\Request), Object(Closure))
#24 /var/www/html/laravel7/vendor/fruitcake/laravel-cors/src/HandleCors.php(36): Illuminate\Pipeline\Pipeline->Illuminate\Pipeline\{closure}(Object(Illuminate\Http\Request))
#25 /var/www/html/laravel7/vendor/laravel/framework/src/Illuminate/Pipeline/Pipeline.php(167): Fruitcake\Cors\HandleCors->handle(Object(Illuminate\Http\Request), Object(Closure))
#26 /var/www/html/laravel7/vendor/fideloper/proxy/src/TrustProxies.php(57): Illuminate\Pipeline\Pipeline->Illuminate\Pipeline\{closure}(Object(Illuminate\Http\Request))
#27 /var/www/html/laravel7/vendor/laravel/framework/src/Illuminate/Pipeline/Pipeline.php(167): Fideloper\Proxy\TrustProxies->handle(Object(Illuminate\Http\Request), Object(Closure))
#28 /var/www/html/laravel7/vendor/laravel/framework/src/Illuminate/Pipeline/Pipeline.php(103): Illuminate\Pipeline\Pipeline->Illuminate\Pipeline\{closure}(Object(Illuminate\Http\Request))
#29 /var/www/html/laravel7/vendor/laravel/framework/src/Illuminate/Foundation/Http/Kernel.php(140): Illuminate\Pipeline\Pipeline->then(Object(Closure))
#30 /var/www/html/laravel7/vendor/laravel/framework/src/Illuminate/Foundation/Http/Kernel.php(109): Illuminate\Foundation\Http\Kernel->sendRequestThroughRouter(Object(Illuminate\Http\Request))
#31 /var/www/html/laravel7/public/index.php(55): Illuminate\Foundation\Http\Kernel->handle(Object(Illuminate\Http\Request))
#32 {main}  
[2020-04-02 17:11:42] local.ERROR: L5Swagger\Exceptions\L5SwaggerException: Documentation storage directory is not writable in /var/www/html/laravel7/vendor/darkaonline/l5-swagger/src/Generator.php:104
Stack trace:
#0 /var/www/html/laravel7/vendor/darkaonline/l5-swagger/src/Generator.php(86): L5Swagger\Generator->prepareDirectory()
#1 /var/www/html/laravel7/vendor/darkaonline/l5-swagger/src/Http/Controllers/SwaggerController.php(46): L5Swagger\Generator->generateDocs()
#2 [internal function]: L5Swagger\Http\Controllers\SwaggerController->docs('api-docs.json')
#3 /var/www/html/laravel7/vendor/laravel/framework/src/Illuminate/Routing/Controller.php(54): call_user_func_array(Array, Array)
#4 /var/www/html/laravel7/vendor/laravel/framework/src/Illuminate/Routing/ControllerDispatcher.php(45): Illuminate\Routing\Controller->callAction('docs', Array)
#5 /var/www/html/laravel7/vendor/laravel/framework/src/Illuminate/Routing/Route.php(225): Illuminate\Routing\ControllerDispatcher->dispatch(Object(Illuminate\Routing\Route), Object(L5Swagger\Http\Controllers\SwaggerController), 'docs')
#6 /var/www/html/laravel7/vendor/laravel/framework/src/Illuminate/Routing/Route.php(182): Illuminate\Routing\Route->runController()
#7 /var/www/html/laravel7/vendor/laravel/framework/src/Illuminate/Routing/Router.php(685): Illuminate\Routing\Route->run()
#8 /var/www/html/laravel7/vendor/laravel/framework/src/Illuminate/Pipeline/Pipeline.php(128): Illuminate\Routing\Router->Illuminate\Routing\{closure}(Object(Illuminate\Http\Request))
#9 /var/www/html/laravel7/vendor/laravel/framework/src/Illuminate/Pipeline/Pipeline.php(103): Illuminate\Pipeline\Pipeline->Illuminate\Pipeline\{closure}(Object(Illuminate\Http\Request))
#10 /var/www/html/laravel7/vendor/laravel/framework/src/Illuminate/Routing/Router.php(687): Illuminate\Pipeline\Pipeline->then(Object(Closure))
#11 /var/www/html/laravel7/vendor/laravel/framework/src/Illuminate/Routing/Router.php(662): Illuminate\Routing\Router->runRouteWithinStack(Object(Illuminate\Routing\Route), Object(Illuminate\Http\Request))
#12 /var/www/html/laravel7/vendor/laravel/framework/src/Illuminate/Routing/Router.php(628): Illuminate\Routing\Router->runRoute(Object(Illuminate\Http\Request), Object(Illuminate\Routing\Route))
#13 /var/www/html/laravel7/vendor/laravel/framework/src/Illuminate/Routing/Router.php(617): Illuminate\Routing\Router->dispatchToRoute(Object(Illuminate\Http\Request))
#14 /var/www/html/laravel7/vendor/laravel/framework/src/Illuminate/Foundation/Http/Kernel.php(165): Illuminate\Routing\Router->dispatch(Object(Illuminate\Http\Request))
#15 /var/www/html/laravel7/vendor/laravel/framework/src/Illuminate/Pipeline/Pipeline.php(128): Illuminate\Foundation\Http\Kernel->Illuminate\Foundation\Http\{closure}(Object(Illuminate\Http\Request))
#16 /var/www/html/laravel7/vendor/laravel/framework/src/Illuminate/Foundation/Http/Middleware/TransformsRequest.php(21): Illuminate\Pipeline\Pipeline->Illuminate\Pipeline\{closure}(Object(Illuminate\Http\Request))
#17 /var/www/html/laravel7/vendor/laravel/framework/src/Illuminate/Pipeline/Pipeline.php(167): Illuminate\Foundation\Http\Middleware\TransformsRequest->handle(Object(Illuminate\Http\Request), Object(Closure))
#18 /var/www/html/laravel7/vendor/laravel/framework/src/Illuminate/Foundation/Http/Middleware/TransformsRequest.php(21): Illuminate\Pipeline\Pipeline->Illuminate\Pipeline\{closure}(Object(Illuminate\Http\Request))
#19 /var/www/html/laravel7/vendor/laravel/framework/src/Illuminate/Pipeline/Pipeline.php(167): Illuminate\Foundation\Http\Middleware\TransformsRequest->handle(Object(Illuminate\Http\Request), Object(Closure))
#20 /var/www/html/laravel7/vendor/laravel/framework/src/Illuminate/Foundation/Http/Middleware/ValidatePostSize.php(27): Illuminate\Pipeline\Pipeline->Illuminate\Pipeline\{closure}(Object(Illuminate\Http\Request))
#21 /var/www/html/laravel7/vendor/laravel/framework/src/Illuminate/Pipeline/Pipeline.php(167): Illuminate\Foundation\Http\Middleware\ValidatePostSize->handle(Object(Illuminate\Http\Request), Object(Closure))
#22 /var/www/html/laravel7/vendor/laravel/framework/src/Illuminate/Foundation/Http/Middleware/CheckForMaintenanceMode.php(63): Illuminate\Pipeline\Pipeline->Illuminate\Pipeline\{closure}(Object(Illuminate\Http\Request))
#23 /var/www/html/laravel7/vendor/laravel/framework/src/Illuminate/Pipeline/Pipeline.php(167): Illuminate\Foundation\Http\Middleware\CheckForMaintenanceMode->handle(Object(Illuminate\Http\Request), Object(Closure))
#24 /var/www/html/laravel7/vendor/fruitcake/laravel-cors/src/HandleCors.php(36): Illuminate\Pipeline\Pipeline->Illuminate\Pipeline\{closure}(Object(Illuminate\Http\Request))
#25 /var/www/html/laravel7/vendor/laravel/framework/src/Illuminate/Pipeline/Pipeline.php(167): Fruitcake\Cors\HandleCors->handle(Object(Illuminate\Http\Request), Object(Closure))
#26 /var/www/html/laravel7/vendor/fideloper/proxy/src/TrustProxies.php(57): Illuminate\Pipeline\Pipeline->Illuminate\Pipeline\{closure}(Object(Illuminate\Http\Request))
#27 /var/www/html/laravel7/vendor/laravel/framework/src/Illuminate/Pipeline/Pipeline.php(167): Fideloper\Proxy\TrustProxies->handle(Object(Illuminate\Http\Request), Object(Closure))
#28 /var/www/html/laravel7/vendor/laravel/framework/src/Illuminate/Pipeline/Pipeline.php(103): Illuminate\Pipeline\Pipeline->Illuminate\Pipeline\{closure}(Object(Illuminate\Http\Request))
#29 /var/www/html/laravel7/vendor/laravel/framework/src/Illuminate/Foundation/Http/Kernel.php(140): Illuminate\Pipeline\Pipeline->then(Object(Closure))
#30 /var/www/html/laravel7/vendor/laravel/framework/src/Illuminate/Foundation/Http/Kernel.php(109): Illuminate\Foundation\Http\Kernel->sendRequestThroughRouter(Object(Illuminate\Http\Request))
#31 /var/www/html/laravel7/public/index.php(55): Illuminate\Foundation\Http\Kernel->handle(Object(Illuminate\Http\Request))
#32 {main}  
[2020-04-02 17:11:43] local.ERROR: L5Swagger\Exceptions\L5SwaggerException: Documentation storage directory is not writable in /var/www/html/laravel7/vendor/darkaonline/l5-swagger/src/Generator.php:104
Stack trace:
#0 /var/www/html/laravel7/vendor/darkaonline/l5-swagger/src/Generator.php(86): L5Swagger\Generator->prepareDirectory()
#1 /var/www/html/laravel7/vendor/darkaonline/l5-swagger/src/Http/Controllers/SwaggerController.php(46): L5Swagger\Generator->generateDocs()
#2 [internal function]: L5Swagger\Http\Controllers\SwaggerController->docs('api-docs.json')
#3 /var/www/html/laravel7/vendor/laravel/framework/src/Illuminate/Routing/Controller.php(54): call_user_func_array(Array, Array)
#4 /var/www/html/laravel7/vendor/laravel/framework/src/Illuminate/Routing/ControllerDispatcher.php(45): Illuminate\Routing\Controller->callAction('docs', Array)
#5 /var/www/html/laravel7/vendor/laravel/framework/src/Illuminate/Routing/Route.php(225): Illuminate\Routing\ControllerDispatcher->dispatch(Object(Illuminate\Routing\Route), Object(L5Swagger\Http\Controllers\SwaggerController), 'docs')
#6 /var/www/html/laravel7/vendor/laravel/framework/src/Illuminate/Routing/Route.php(182): Illuminate\Routing\Route->runController()
#7 /var/www/html/laravel7/vendor/laravel/framework/src/Illuminate/Routing/Router.php(685): Illuminate\Routing\Route->run()
#8 /var/www/html/laravel7/vendor/laravel/framework/src/Illuminate/Pipeline/Pipeline.php(128): Illuminate\Routing\Router->Illuminate\Routing\{closure}(Object(Illuminate\Http\Request))
#9 /var/www/html/laravel7/vendor/laravel/framework/src/Illuminate/Pipeline/Pipeline.php(103): Illuminate\Pipeline\Pipeline->Illuminate\Pipeline\{closure}(Object(Illuminate\Http\Request))
#10 /var/www/html/laravel7/vendor/laravel/framework/src/Illuminate/Routing/Router.php(687): Illuminate\Pipeline\Pipeline->then(Object(Closure))
#11 /var/www/html/laravel7/vendor/laravel/framework/src/Illuminate/Routing/Router.php(662): Illuminate\Routing\Router->runRouteWithinStack(Object(Illuminate\Routing\Route), Object(Illuminate\Http\Request))
#12 /var/www/html/laravel7/vendor/laravel/framework/src/Illuminate/Routing/Router.php(628): Illuminate\Routing\Router->runRoute(Object(Illuminate\Http\Request), Object(Illuminate\Routing\Route))
#13 /var/www/html/laravel7/vendor/laravel/framework/src/Illuminate/Routing/Router.php(617): Illuminate\Routing\Router->dispatchToRoute(Object(Illuminate\Http\Request))
#14 /var/www/html/laravel7/vendor/laravel/framework/src/Illuminate/Foundation/Http/Kernel.php(165): Illuminate\Routing\Router->dispatch(Object(Illuminate\Http\Request))
#15 /var/www/html/laravel7/vendor/laravel/framework/src/Illuminate/Pipeline/Pipeline.php(128): Illuminate\Foundation\Http\Kernel->Illuminate\Foundation\Http\{closure}(Object(Illuminate\Http\Request))
#16 /var/www/html/laravel7/vendor/laravel/framework/src/Illuminate/Foundation/Http/Middleware/TransformsRequest.php(21): Illuminate\Pipeline\Pipeline->Illuminate\Pipeline\{closure}(Object(Illuminate\Http\Request))
#17 /var/www/html/laravel7/vendor/laravel/framework/src/Illuminate/Pipeline/Pipeline.php(167): Illuminate\Foundation\Http\Middleware\TransformsRequest->handle(Object(Illuminate\Http\Request), Object(Closure))
#18 /var/www/html/laravel7/vendor/laravel/framework/src/Illuminate/Foundation/Http/Middleware/TransformsRequest.php(21): Illuminate\Pipeline\Pipeline->Illuminate\Pipeline\{closure}(Object(Illuminate\Http\Request))
#19 /var/www/html/laravel7/vendor/laravel/framework/src/Illuminate/Pipeline/Pipeline.php(167): Illuminate\Foundation\Http\Middleware\TransformsRequest->handle(Object(Illuminate\Http\Request), Object(Closure))
#20 /var/www/html/laravel7/vendor/laravel/framework/src/Illuminate/Foundation/Http/Middleware/ValidatePostSize.php(27): Illuminate\Pipeline\Pipeline->Illuminate\Pipeline\{closure}(Object(Illuminate\Http\Request))
#21 /var/www/html/laravel7/vendor/laravel/framework/src/Illuminate/Pipeline/Pipeline.php(167): Illuminate\Foundation\Http\Middleware\ValidatePostSize->handle(Object(Illuminate\Http\Request), Object(Closure))
#22 /var/www/html/laravel7/vendor/laravel/framework/src/Illuminate/Foundation/Http/Middleware/CheckForMaintenanceMode.php(63): Illuminate\Pipeline\Pipeline->Illuminate\Pipeline\{closure}(Object(Illuminate\Http\Request))
#23 /var/www/html/laravel7/vendor/laravel/framework/src/Illuminate/Pipeline/Pipeline.php(167): Illuminate\Foundation\Http\Middleware\CheckForMaintenanceMode->handle(Object(Illuminate\Http\Request), Object(Closure))
#24 /var/www/html/laravel7/vendor/fruitcake/laravel-cors/src/HandleCors.php(36): Illuminate\Pipeline\Pipeline->Illuminate\Pipeline\{closure}(Object(Illuminate\Http\Request))
#25 /var/www/html/laravel7/vendor/laravel/framework/src/Illuminate/Pipeline/Pipeline.php(167): Fruitcake\Cors\HandleCors->handle(Object(Illuminate\Http\Request), Object(Closure))
#26 /var/www/html/laravel7/vendor/fideloper/proxy/src/TrustProxies.php(57): Illuminate\Pipeline\Pipeline->Illuminate\Pipeline\{closure}(Object(Illuminate\Http\Request))
#27 /var/www/html/laravel7/vendor/laravel/framework/src/Illuminate/Pipeline/Pipeline.php(167): Fideloper\Proxy\TrustProxies->handle(Object(Illuminate\Http\Request), Object(Closure))
#28 /var/www/html/laravel7/vendor/laravel/framework/src/Illuminate/Pipeline/Pipeline.php(103): Illuminate\Pipeline\Pipeline->Illuminate\Pipeline\{closure}(Object(Illuminate\Http\Request))
#29 /var/www/html/laravel7/vendor/laravel/framework/src/Illuminate/Foundation/Http/Kernel.php(140): Illuminate\Pipeline\Pipeline->then(Object(Closure))
#30 /var/www/html/laravel7/vendor/laravel/framework/src/Illuminate/Foundation/Http/Kernel.php(109): Illuminate\Foundation\Http\Kernel->sendRequestThroughRouter(Object(Illuminate\Http\Request))
#31 /var/www/html/laravel7/public/index.php(55): Illuminate\Foundation\Http\Kernel->handle(Object(Illuminate\Http\Request))
#32 {main}  
[2020-04-02 17:11:43] local.ERROR: L5Swagger\Exceptions\L5SwaggerException: Documentation storage directory is not writable in /var/www/html/laravel7/vendor/darkaonline/l5-swagger/src/Generator.php:104
Stack trace:
#0 /var/www/html/laravel7/vendor/darkaonline/l5-swagger/src/Generator.php(86): L5Swagger\Generator->prepareDirectory()
#1 /var/www/html/laravel7/vendor/darkaonline/l5-swagger/src/Http/Controllers/SwaggerController.php(46): L5Swagger\Generator->generateDocs()
#2 [internal function]: L5Swagger\Http\Controllers\SwaggerController->docs('api-docs.json')
#3 /var/www/html/laravel7/vendor/laravel/framework/src/Illuminate/Routing/Controller.php(54): call_user_func_array(Array, Array)
#4 /var/www/html/laravel7/vendor/laravel/framework/src/Illuminate/Routing/ControllerDispatcher.php(45): Illuminate\Routing\Controller->callAction('docs', Array)
#5 /var/www/html/laravel7/vendor/laravel/framework/src/Illuminate/Routing/Route.php(225): Illuminate\Routing\ControllerDispatcher->dispatch(Object(Illuminate\Routing\Route), Object(L5Swagger\Http\Controllers\SwaggerController), 'docs')
#6 /var/www/html/laravel7/vendor/laravel/framework/src/Illuminate/Routing/Route.php(182): Illuminate\Routing\Route->runController()
#7 /var/www/html/laravel7/vendor/laravel/framework/src/Illuminate/Routing/Router.php(685): Illuminate\Routing\Route->run()
#8 /var/www/html/laravel7/vendor/laravel/framework/src/Illuminate/Pipeline/Pipeline.php(128): Illuminate\Routing\Router->Illuminate\Routing\{closure}(Object(Illuminate\Http\Request))
#9 /var/www/html/laravel7/vendor/laravel/framework/src/Illuminate/Pipeline/Pipeline.php(103): Illuminate\Pipeline\Pipeline->Illuminate\Pipeline\{closure}(Object(Illuminate\Http\Request))
#10 /var/www/html/laravel7/vendor/laravel/framework/src/Illuminate/Routing/Router.php(687): Illuminate\Pipeline\Pipeline->then(Object(Closure))
#11 /var/www/html/laravel7/vendor/laravel/framework/src/Illuminate/Routing/Router.php(662): Illuminate\Routing\Router->runRouteWithinStack(Object(Illuminate\Routing\Route), Object(Illuminate\Http\Request))
#12 /var/www/html/laravel7/vendor/laravel/framework/src/Illuminate/Routing/Router.php(628): Illuminate\Routing\Router->runRoute(Object(Illuminate\Http\Request), Object(Illuminate\Routing\Route))
#13 /var/www/html/laravel7/vendor/laravel/framework/src/Illuminate/Routing/Router.php(617): Illuminate\Routing\Router->dispatchToRoute(Object(Illuminate\Http\Request))
#14 /var/www/html/laravel7/vendor/laravel/framework/src/Illuminate/Foundation/Http/Kernel.php(165): Illuminate\Routing\Router->dispatch(Object(Illuminate\Http\Request))
#15 /var/www/html/laravel7/vendor/laravel/framework/src/Illuminate/Pipeline/Pipeline.php(128): Illuminate\Foundation\Http\Kernel->Illuminate\Foundation\Http\{closure}(Object(Illuminate\Http\Request))
#16 /var/www/html/laravel7/vendor/laravel/framework/src/Illuminate/Foundation/Http/Middleware/TransformsRequest.php(21): Illuminate\Pipeline\Pipeline->Illuminate\Pipeline\{closure}(Object(Illuminate\Http\Request))
#17 /var/www/html/laravel7/vendor/laravel/framework/src/Illuminate/Pipeline/Pipeline.php(167): Illuminate\Foundation\Http\Middleware\TransformsRequest->handle(Object(Illuminate\Http\Request), Object(Closure))
#18 /var/www/html/laravel7/vendor/laravel/framework/src/Illuminate/Foundation/Http/Middleware/TransformsRequest.php(21): Illuminate\Pipeline\Pipeline->Illuminate\Pipeline\{closure}(Object(Illuminate\Http\Request))
#19 /var/www/html/laravel7/vendor/laravel/framework/src/Illuminate/Pipeline/Pipeline.php(167): Illuminate\Foundation\Http\Middleware\TransformsRequest->handle(Object(Illuminate\Http\Request), Object(Closure))
#20 /var/www/html/laravel7/vendor/laravel/framework/src/Illuminate/Foundation/Http/Middleware/ValidatePostSize.php(27): Illuminate\Pipeline\Pipeline->Illuminate\Pipeline\{closure}(Object(Illuminate\Http\Request))
#21 /var/www/html/laravel7/vendor/laravel/framework/src/Illuminate/Pipeline/Pipeline.php(167): Illuminate\Foundation\Http\Middleware\ValidatePostSize->handle(Object(Illuminate\Http\Request), Object(Closure))
#22 /var/www/html/laravel7/vendor/laravel/framework/src/Illuminate/Foundation/Http/Middleware/CheckForMaintenanceMode.php(63): Illuminate\Pipeline\Pipeline->Illuminate\Pipeline\{closure}(Object(Illuminate\Http\Request))
#23 /var/www/html/laravel7/vendor/laravel/framework/src/Illuminate/Pipeline/Pipeline.php(167): Illuminate\Foundation\Http\Middleware\CheckForMaintenanceMode->handle(Object(Illuminate\Http\Request), Object(Closure))
#24 /var/www/html/laravel7/vendor/fruitcake/laravel-cors/src/HandleCors.php(36): Illuminate\Pipeline\Pipeline->Illuminate\Pipeline\{closure}(Object(Illuminate\Http\Request))
#25 /var/www/html/laravel7/vendor/laravel/framework/src/Illuminate/Pipeline/Pipeline.php(167): Fruitcake\Cors\HandleCors->handle(Object(Illuminate\Http\Request), Object(Closure))
#26 /var/www/html/laravel7/vendor/fideloper/proxy/src/TrustProxies.php(57): Illuminate\Pipeline\Pipeline->Illuminate\Pipeline\{closure}(Object(Illuminate\Http\Request))
#27 /var/www/html/laravel7/vendor/laravel/framework/src/Illuminate/Pipeline/Pipeline.php(167): Fideloper\Proxy\TrustProxies->handle(Object(Illuminate\Http\Request), Object(Closure))
#28 /var/www/html/laravel7/vendor/laravel/framework/src/Illuminate/Pipeline/Pipeline.php(103): Illuminate\Pipeline\Pipeline->Illuminate\Pipeline\{closure}(Object(Illuminate\Http\Request))
#29 /var/www/html/laravel7/vendor/laravel/framework/src/Illuminate/Foundation/Http/Kernel.php(140): Illuminate\Pipeline\Pipeline->then(Object(Closure))
#30 /var/www/html/laravel7/vendor/laravel/framework/src/Illuminate/Foundation/Http/Kernel.php(109): Illuminate\Foundation\Http\Kernel->sendRequestThroughRouter(Object(Illuminate\Http\Request))
#31 /var/www/html/laravel7/public/index.php(55): Illuminate\Foundation\Http\Kernel->handle(Object(Illuminate\Http\Request))
#32 {main}  
[2020-04-02 17:11:43] local.ERROR: L5Swagger\Exceptions\L5SwaggerException: Documentation storage directory is not writable in /var/www/html/laravel7/vendor/darkaonline/l5-swagger/src/Generator.php:104
Stack trace:
#0 /var/www/html/laravel7/vendor/darkaonline/l5-swagger/src/Generator.php(86): L5Swagger\Generator->prepareDirectory()
#1 /var/www/html/laravel7/vendor/darkaonline/l5-swagger/src/Http/Controllers/SwaggerController.php(46): L5Swagger\Generator->generateDocs()
#2 [internal function]: L5Swagger\Http\Controllers\SwaggerController->docs('api-docs.json')
#3 /var/www/html/laravel7/vendor/laravel/framework/src/Illuminate/Routing/Controller.php(54): call_user_func_array(Array, Array)
#4 /var/www/html/laravel7/vendor/laravel/framework/src/Illuminate/Routing/ControllerDispatcher.php(45): Illuminate\Routing\Controller->callAction('docs', Array)
#5 /var/www/html/laravel7/vendor/laravel/framework/src/Illuminate/Routing/Route.php(225): Illuminate\Routing\ControllerDispatcher->dispatch(Object(Illuminate\Routing\Route), Object(L5Swagger\Http\Controllers\SwaggerController), 'docs')
#6 /var/www/html/laravel7/vendor/laravel/framework/src/Illuminate/Routing/Route.php(182): Illuminate\Routing\Route->runController()
#7 /var/www/html/laravel7/vendor/laravel/framework/src/Illuminate/Routing/Router.php(685): Illuminate\Routing\Route->run()
#8 /var/www/html/laravel7/vendor/laravel/framework/src/Illuminate/Pipeline/Pipeline.php(128): Illuminate\Routing\Router->Illuminate\Routing\{closure}(Object(Illuminate\Http\Request))
#9 /var/www/html/laravel7/vendor/laravel/framework/src/Illuminate/Pipeline/Pipeline.php(103): Illuminate\Pipeline\Pipeline->Illuminate\Pipeline\{closure}(Object(Illuminate\Http\Request))
#10 /var/www/html/laravel7/vendor/laravel/framework/src/Illuminate/Routing/Router.php(687): Illuminate\Pipeline\Pipeline->then(Object(Closure))
#11 /var/www/html/laravel7/vendor/laravel/framework/src/Illuminate/Routing/Router.php(662): Illuminate\Routing\Router->runRouteWithinStack(Object(Illuminate\Routing\Route), Object(Illuminate\Http\Request))
#12 /var/www/html/laravel7/vendor/laravel/framework/src/Illuminate/Routing/Router.php(628): Illuminate\Routing\Router->runRoute(Object(Illuminate\Http\Request), Object(Illuminate\Routing\Route))
#13 /var/www/html/laravel7/vendor/laravel/framework/src/Illuminate/Routing/Router.php(617): Illuminate\Routing\Router->dispatchToRoute(Object(Illuminate\Http\Request))
#14 /var/www/html/laravel7/vendor/laravel/framework/src/Illuminate/Foundation/Http/Kernel.php(165): Illuminate\Routing\Router->dispatch(Object(Illuminate\Http\Request))
#15 /var/www/html/laravel7/vendor/laravel/framework/src/Illuminate/Pipeline/Pipeline.php(128): Illuminate\Foundation\Http\Kernel->Illuminate\Foundation\Http\{closure}(Object(Illuminate\Http\Request))
#16 /var/www/html/laravel7/vendor/laravel/framework/src/Illuminate/Foundation/Http/Middleware/TransformsRequest.php(21): Illuminate\Pipeline\Pipeline->Illuminate\Pipeline\{closure}(Object(Illuminate\Http\Request))
#17 /var/www/html/laravel7/vendor/laravel/framework/src/Illuminate/Pipeline/Pipeline.php(167): Illuminate\Foundation\Http\Middleware\TransformsRequest->handle(Object(Illuminate\Http\Request), Object(Closure))
#18 /var/www/html/laravel7/vendor/laravel/framework/src/Illuminate/Foundation/Http/Middleware/TransformsRequest.php(21): Illuminate\Pipeline\Pipeline->Illuminate\Pipeline\{closure}(Object(Illuminate\Http\Request))
#19 /var/www/html/laravel7/vendor/laravel/framework/src/Illuminate/Pipeline/Pipeline.php(167): Illuminate\Foundation\Http\Middleware\TransformsRequest->handle(Object(Illuminate\Http\Request), Object(Closure))
#20 /var/www/html/laravel7/vendor/laravel/framework/src/Illuminate/Foundation/Http/Middleware/ValidatePostSize.php(27): Illuminate\Pipeline\Pipeline->Illuminate\Pipeline\{closure}(Object(Illuminate\Http\Request))
#21 /var/www/html/laravel7/vendor/laravel/framework/src/Illuminate/Pipeline/Pipeline.php(167): Illuminate\Foundation\Http\Middleware\ValidatePostSize->handle(Object(Illuminate\Http\Request), Object(Closure))
#22 /var/www/html/laravel7/vendor/laravel/framework/src/Illuminate/Foundation/Http/Middleware/CheckForMaintenanceMode.php(63): Illuminate\Pipeline\Pipeline->Illuminate\Pipeline\{closure}(Object(Illuminate\Http\Request))
#23 /var/www/html/laravel7/vendor/laravel/framework/src/Illuminate/Pipeline/Pipeline.php(167): Illuminate\Foundation\Http\Middleware\CheckForMaintenanceMode->handle(Object(Illuminate\Http\Request), Object(Closure))
#24 /var/www/html/laravel7/vendor/fruitcake/laravel-cors/src/HandleCors.php(36): Illuminate\Pipeline\Pipeline->Illuminate\Pipeline\{closure}(Object(Illuminate\Http\Request))
#25 /var/www/html/laravel7/vendor/laravel/framework/src/Illuminate/Pipeline/Pipeline.php(167): Fruitcake\Cors\HandleCors->handle(Object(Illuminate\Http\Request), Object(Closure))
#26 /var/www/html/laravel7/vendor/fideloper/proxy/src/TrustProxies.php(57): Illuminate\Pipeline\Pipeline->Illuminate\Pipeline\{closure}(Object(Illuminate\Http\Request))
#27 /var/www/html/laravel7/vendor/laravel/framework/src/Illuminate/Pipeline/Pipeline.php(167): Fideloper\Proxy\TrustProxies->handle(Object(Illuminate\Http\Request), Object(Closure))
#28 /var/www/html/laravel7/vendor/laravel/framework/src/Illuminate/Pipeline/Pipeline.php(103): Illuminate\Pipeline\Pipeline->Illuminate\Pipeline\{closure}(Object(Illuminate\Http\Request))
#29 /var/www/html/laravel7/vendor/laravel/framework/src/Illuminate/Foundation/Http/Kernel.php(140): Illuminate\Pipeline\Pipeline->then(Object(Closure))
#30 /var/www/html/laravel7/vendor/laravel/framework/src/Illuminate/Foundation/Http/Kernel.php(109): Illuminate\Foundation\Http\Kernel->sendRequestThroughRouter(Object(Illuminate\Http\Request))
#31 /var/www/html/laravel7/public/index.php(55): Illuminate\Foundation\Http\Kernel->handle(Object(Illuminate\Http\Request))
#32 {main}  
[2020-04-02 17:11:44] local.ERROR: L5Swagger\Exceptions\L5SwaggerException: Documentation storage directory is not writable in /var/www/html/laravel7/vendor/darkaonline/l5-swagger/src/Generator.php:104
Stack trace:
#0 /var/www/html/laravel7/vendor/darkaonline/l5-swagger/src/Generator.php(86): L5Swagger\Generator->prepareDirectory()
#1 /var/www/html/laravel7/vendor/darkaonline/l5-swagger/src/Http/Controllers/SwaggerController.php(46): L5Swagger\Generator->generateDocs()
#2 [internal function]: L5Swagger\Http\Controllers\SwaggerController->docs('api-docs.json')
#3 /var/www/html/laravel7/vendor/laravel/framework/src/Illuminate/Routing/Controller.php(54): call_user_func_array(Array, Array)
#4 /var/www/html/laravel7/vendor/laravel/framework/src/Illuminate/Routing/ControllerDispatcher.php(45): Illuminate\Routing\Controller->callAction('docs', Array)
#5 /var/www/html/laravel7/vendor/laravel/framework/src/Illuminate/Routing/Route.php(225): Illuminate\Routing\ControllerDispatcher->dispatch(Object(Illuminate\Routing\Route), Object(L5Swagger\Http\Controllers\SwaggerController), 'docs')
#6 /var/www/html/laravel7/vendor/laravel/framework/src/Illuminate/Routing/Route.php(182): Illuminate\Routing\Route->runController()
#7 /var/www/html/laravel7/vendor/laravel/framework/src/Illuminate/Routing/Router.php(685): Illuminate\Routing\Route->run()
#8 /var/www/html/laravel7/vendor/laravel/framework/src/Illuminate/Pipeline/Pipeline.php(128): Illuminate\Routing\Router->Illuminate\Routing\{closure}(Object(Illuminate\Http\Request))
#9 /var/www/html/laravel7/vendor/laravel/framework/src/Illuminate/Pipeline/Pipeline.php(103): Illuminate\Pipeline\Pipeline->Illuminate\Pipeline\{closure}(Object(Illuminate\Http\Request))
#10 /var/www/html/laravel7/vendor/laravel/framework/src/Illuminate/Routing/Router.php(687): Illuminate\Pipeline\Pipeline->then(Object(Closure))
#11 /var/www/html/laravel7/vendor/laravel/framework/src/Illuminate/Routing/Router.php(662): Illuminate\Routing\Router->runRouteWithinStack(Object(Illuminate\Routing\Route), Object(Illuminate\Http\Request))
#12 /var/www/html/laravel7/vendor/laravel/framework/src/Illuminate/Routing/Router.php(628): Illuminate\Routing\Router->runRoute(Object(Illuminate\Http\Request), Object(Illuminate\Routing\Route))
#13 /var/www/html/laravel7/vendor/laravel/framework/src/Illuminate/Routing/Router.php(617): Illuminate\Routing\Router->dispatchToRoute(Object(Illuminate\Http\Request))
#14 /var/www/html/laravel7/vendor/laravel/framework/src/Illuminate/Foundation/Http/Kernel.php(165): Illuminate\Routing\Router->dispatch(Object(Illuminate\Http\Request))
#15 /var/www/html/laravel7/vendor/laravel/framework/src/Illuminate/Pipeline/Pipeline.php(128): Illuminate\Foundation\Http\Kernel->Illuminate\Foundation\Http\{closure}(Object(Illuminate\Http\Request))
#16 /var/www/html/laravel7/vendor/laravel/framework/src/Illuminate/Foundation/Http/Middleware/TransformsRequest.php(21): Illuminate\Pipeline\Pipeline->Illuminate\Pipeline\{closure}(Object(Illuminate\Http\Request))
#17 /var/www/html/laravel7/vendor/laravel/framework/src/Illuminate/Pipeline/Pipeline.php(167): Illuminate\Foundation\Http\Middleware\TransformsRequest->handle(Object(Illuminate\Http\Request), Object(Closure))
#18 /var/www/html/laravel7/vendor/laravel/framework/src/Illuminate/Foundation/Http/Middleware/TransformsRequest.php(21): Illuminate\Pipeline\Pipeline->Illuminate\Pipeline\{closure}(Object(Illuminate\Http\Request))
#19 /var/www/html/laravel7/vendor/laravel/framework/src/Illuminate/Pipeline/Pipeline.php(167): Illuminate\Foundation\Http\Middleware\TransformsRequest->handle(Object(Illuminate\Http\Request), Object(Closure))
#20 /var/www/html/laravel7/vendor/laravel/framework/src/Illuminate/Foundation/Http/Middleware/ValidatePostSize.php(27): Illuminate\Pipeline\Pipeline->Illuminate\Pipeline\{closure}(Object(Illuminate\Http\Request))
#21 /var/www/html/laravel7/vendor/laravel/framework/src/Illuminate/Pipeline/Pipeline.php(167): Illuminate\Foundation\Http\Middleware\ValidatePostSize->handle(Object(Illuminate\Http\Request), Object(Closure))
#22 /var/www/html/laravel7/vendor/laravel/framework/src/Illuminate/Foundation/Http/Middleware/CheckForMaintenanceMode.php(63): Illuminate\Pipeline\Pipeline->Illuminate\Pipeline\{closure}(Object(Illuminate\Http\Request))
#23 /var/www/html/laravel7/vendor/laravel/framework/src/Illuminate/Pipeline/Pipeline.php(167): Illuminate\Foundation\Http\Middleware\CheckForMaintenanceMode->handle(Object(Illuminate\Http\Request), Object(Closure))
#24 /var/www/html/laravel7/vendor/fruitcake/laravel-cors/src/HandleCors.php(36): Illuminate\Pipeline\Pipeline->Illuminate\Pipeline\{closure}(Object(Illuminate\Http\Request))
#25 /var/www/html/laravel7/vendor/laravel/framework/src/Illuminate/Pipeline/Pipeline.php(167): Fruitcake\Cors\HandleCors->handle(Object(Illuminate\Http\Request), Object(Closure))
#26 /var/www/html/laravel7/vendor/fideloper/proxy/src/TrustProxies.php(57): Illuminate\Pipeline\Pipeline->Illuminate\Pipeline\{closure}(Object(Illuminate\Http\Request))
#27 /var/www/html/laravel7/vendor/laravel/framework/src/Illuminate/Pipeline/Pipeline.php(167): Fideloper\Proxy\TrustProxies->handle(Object(Illuminate\Http\Request), Object(Closure))
#28 /var/www/html/laravel7/vendor/laravel/framework/src/Illuminate/Pipeline/Pipeline.php(103): Illuminate\Pipeline\Pipeline->Illuminate\Pipeline\{closure}(Object(Illuminate\Http\Request))
#29 /var/www/html/laravel7/vendor/laravel/framework/src/Illuminate/Foundation/Http/Kernel.php(140): Illuminate\Pipeline\Pipeline->then(Object(Closure))
#30 /var/www/html/laravel7/vendor/laravel/framework/src/Illuminate/Foundation/Http/Kernel.php(109): Illuminate\Foundation\Http\Kernel->sendRequestThroughRouter(Object(Illuminate\Http\Request))
#31 /var/www/html/laravel7/public/index.php(55): Illuminate\Foundation\Http\Kernel->handle(Object(Illuminate\Http\Request))
#32 {main}  
[2020-04-02 17:11:44] local.ERROR: L5Swagger\Exceptions\L5SwaggerException: Documentation storage directory is not writable in /var/www/html/laravel7/vendor/darkaonline/l5-swagger/src/Generator.php:104
Stack trace:
#0 /var/www/html/laravel7/vendor/darkaonline/l5-swagger/src/Generator.php(86): L5Swagger\Generator->prepareDirectory()
#1 /var/www/html/laravel7/vendor/darkaonline/l5-swagger/src/Http/Controllers/SwaggerController.php(46): L5Swagger\Generator->generateDocs()
#2 [internal function]: L5Swagger\Http\Controllers\SwaggerController->docs('api-docs.json')
#3 /var/www/html/laravel7/vendor/laravel/framework/src/Illuminate/Routing/Controller.php(54): call_user_func_array(Array, Array)
#4 /var/www/html/laravel7/vendor/laravel/framework/src/Illuminate/Routing/ControllerDispatcher.php(45): Illuminate\Routing\Controller->callAction('docs', Array)
#5 /var/www/html/laravel7/vendor/laravel/framework/src/Illuminate/Routing/Route.php(225): Illuminate\Routing\ControllerDispatcher->dispatch(Object(Illuminate\Routing\Route), Object(L5Swagger\Http\Controllers\SwaggerController), 'docs')
#6 /var/www/html/laravel7/vendor/laravel/framework/src/Illuminate/Routing/Route.php(182): Illuminate\Routing\Route->runController()
#7 /var/www/html/laravel7/vendor/laravel/framework/src/Illuminate/Routing/Router.php(685): Illuminate\Routing\Route->run()
#8 /var/www/html/laravel7/vendor/laravel/framework/src/Illuminate/Pipeline/Pipeline.php(128): Illuminate\Routing\Router->Illuminate\Routing\{closure}(Object(Illuminate\Http\Request))
#9 /var/www/html/laravel7/vendor/laravel/framework/src/Illuminate/Pipeline/Pipeline.php(103): Illuminate\Pipeline\Pipeline->Illuminate\Pipeline\{closure}(Object(Illuminate\Http\Request))
#10 /var/www/html/laravel7/vendor/laravel/framework/src/Illuminate/Routing/Router.php(687): Illuminate\Pipeline\Pipeline->then(Object(Closure))
#11 /var/www/html/laravel7/vendor/laravel/framework/src/Illuminate/Routing/Router.php(662): Illuminate\Routing\Router->runRouteWithinStack(Object(Illuminate\Routing\Route), Object(Illuminate\Http\Request))
#12 /var/www/html/laravel7/vendor/laravel/framework/src/Illuminate/Routing/Router.php(628): Illuminate\Routing\Router->runRoute(Object(Illuminate\Http\Request), Object(Illuminate\Routing\Route))
#13 /var/www/html/laravel7/vendor/laravel/framework/src/Illuminate/Routing/Router.php(617): Illuminate\Routing\Router->dispatchToRoute(Object(Illuminate\Http\Request))
#14 /var/www/html/laravel7/vendor/laravel/framework/src/Illuminate/Foundation/Http/Kernel.php(165): Illuminate\Routing\Router->dispatch(Object(Illuminate\Http\Request))
#15 /var/www/html/laravel7/vendor/laravel/framework/src/Illuminate/Pipeline/Pipeline.php(128): Illuminate\Foundation\Http\Kernel->Illuminate\Foundation\Http\{closure}(Object(Illuminate\Http\Request))
#16 /var/www/html/laravel7/vendor/laravel/framework/src/Illuminate/Foundation/Http/Middleware/TransformsRequest.php(21): Illuminate\Pipeline\Pipeline->Illuminate\Pipeline\{closure}(Object(Illuminate\Http\Request))
#17 /var/www/html/laravel7/vendor/laravel/framework/src/Illuminate/Pipeline/Pipeline.php(167): Illuminate\Foundation\Http\Middleware\TransformsRequest->handle(Object(Illuminate\Http\Request), Object(Closure))
#18 /var/www/html/laravel7/vendor/laravel/framework/src/Illuminate/Foundation/Http/Middleware/TransformsRequest.php(21): Illuminate\Pipeline\Pipeline->Illuminate\Pipeline\{closure}(Object(Illuminate\Http\Request))
#19 /var/www/html/laravel7/vendor/laravel/framework/src/Illuminate/Pipeline/Pipeline.php(167): Illuminate\Foundation\Http\Middleware\TransformsRequest->handle(Object(Illuminate\Http\Request), Object(Closure))
#20 /var/www/html/laravel7/vendor/laravel/framework/src/Illuminate/Foundation/Http/Middleware/ValidatePostSize.php(27): Illuminate\Pipeline\Pipeline->Illuminate\Pipeline\{closure}(Object(Illuminate\Http\Request))
#21 /var/www/html/laravel7/vendor/laravel/framework/src/Illuminate/Pipeline/Pipeline.php(167): Illuminate\Foundation\Http\Middleware\ValidatePostSize->handle(Object(Illuminate\Http\Request), Object(Closure))
#22 /var/www/html/laravel7/vendor/laravel/framework/src/Illuminate/Foundation/Http/Middleware/CheckForMaintenanceMode.php(63): Illuminate\Pipeline\Pipeline->Illuminate\Pipeline\{closure}(Object(Illuminate\Http\Request))
#23 /var/www/html/laravel7/vendor/laravel/framework/src/Illuminate/Pipeline/Pipeline.php(167): Illuminate\Foundation\Http\Middleware\CheckForMaintenanceMode->handle(Object(Illuminate\Http\Request), Object(Closure))
#24 /var/www/html/laravel7/vendor/fruitcake/laravel-cors/src/HandleCors.php(36): Illuminate\Pipeline\Pipeline->Illuminate\Pipeline\{closure}(Object(Illuminate\Http\Request))
#25 /var/www/html/laravel7/vendor/laravel/framework/src/Illuminate/Pipeline/Pipeline.php(167): Fruitcake\Cors\HandleCors->handle(Object(Illuminate\Http\Request), Object(Closure))
#26 /var/www/html/laravel7/vendor/fideloper/proxy/src/TrustProxies.php(57): Illuminate\Pipeline\Pipeline->Illuminate\Pipeline\{closure}(Object(Illuminate\Http\Request))
#27 /var/www/html/laravel7/vendor/laravel/framework/src/Illuminate/Pipeline/Pipeline.php(167): Fideloper\Proxy\TrustProxies->handle(Object(Illuminate\Http\Request), Object(Closure))
#28 /var/www/html/laravel7/vendor/laravel/framework/src/Illuminate/Pipeline/Pipeline.php(103): Illuminate\Pipeline\Pipeline->Illuminate\Pipeline\{closure}(Object(Illuminate\Http\Request))
#29 /var/www/html/laravel7/vendor/laravel/framework/src/Illuminate/Foundation/Http/Kernel.php(140): Illuminate\Pipeline\Pipeline->then(Object(Closure))
#30 /var/www/html/laravel7/vendor/laravel/framework/src/Illuminate/Foundation/Http/Kernel.php(109): Illuminate\Foundation\Http\Kernel->sendRequestThroughRouter(Object(Illuminate\Http\Request))
#31 /var/www/html/laravel7/public/index.php(55): Illuminate\Foundation\Http\Kernel->handle(Object(Illuminate\Http\Request))
#32 {main}  
[2020-04-02 17:15:23] local.ERROR: L5Swagger\Exceptions\L5SwaggerException: Documentation storage directory is not writable in /var/www/html/laravel7/vendor/darkaonline/l5-swagger/src/Generator.php:104
Stack trace:
#0 /var/www/html/laravel7/vendor/darkaonline/l5-swagger/src/Generator.php(86): L5Swagger\Generator->prepareDirectory()
#1 /var/www/html/laravel7/vendor/darkaonline/l5-swagger/src/Http/Controllers/SwaggerController.php(46): L5Swagger\Generator->generateDocs()
#2 [internal function]: L5Swagger\Http\Controllers\SwaggerController->docs('api-docs.json')
#3 /var/www/html/laravel7/vendor/laravel/framework/src/Illuminate/Routing/Controller.php(54): call_user_func_array(Array, Array)
#4 /var/www/html/laravel7/vendor/laravel/framework/src/Illuminate/Routing/ControllerDispatcher.php(45): Illuminate\Routing\Controller->callAction('docs', Array)
#5 /var/www/html/laravel7/vendor/laravel/framework/src/Illuminate/Routing/Route.php(225): Illuminate\Routing\ControllerDispatcher->dispatch(Object(Illuminate\Routing\Route), Object(L5Swagger\Http\Controllers\SwaggerController), 'docs')
#6 /var/www/html/laravel7/vendor/laravel/framework/src/Illuminate/Routing/Route.php(182): Illuminate\Routing\Route->runController()
#7 /var/www/html/laravel7/vendor/laravel/framework/src/Illuminate/Routing/Router.php(685): Illuminate\Routing\Route->run()
#8 /var/www/html/laravel7/vendor/laravel/framework/src/Illuminate/Pipeline/Pipeline.php(128): Illuminate\Routing\Router->Illuminate\Routing\{closure}(Object(Illuminate\Http\Request))
#9 /var/www/html/laravel7/vendor/laravel/framework/src/Illuminate/Pipeline/Pipeline.php(103): Illuminate\Pipeline\Pipeline->Illuminate\Pipeline\{closure}(Object(Illuminate\Http\Request))
#10 /var/www/html/laravel7/vendor/laravel/framework/src/Illuminate/Routing/Router.php(687): Illuminate\Pipeline\Pipeline->then(Object(Closure))
#11 /var/www/html/laravel7/vendor/laravel/framework/src/Illuminate/Routing/Router.php(662): Illuminate\Routing\Router->runRouteWithinStack(Object(Illuminate\Routing\Route), Object(Illuminate\Http\Request))
#12 /var/www/html/laravel7/vendor/laravel/framework/src/Illuminate/Routing/Router.php(628): Illuminate\Routing\Router->runRoute(Object(Illuminate\Http\Request), Object(Illuminate\Routing\Route))
#13 /var/www/html/laravel7/vendor/laravel/framework/src/Illuminate/Routing/Router.php(617): Illuminate\Routing\Router->dispatchToRoute(Object(Illuminate\Http\Request))
#14 /var/www/html/laravel7/vendor/laravel/framework/src/Illuminate/Foundation/Http/Kernel.php(165): Illuminate\Routing\Router->dispatch(Object(Illuminate\Http\Request))
#15 /var/www/html/laravel7/vendor/laravel/framework/src/Illuminate/Pipeline/Pipeline.php(128): Illuminate\Foundation\Http\Kernel->Illuminate\Foundation\Http\{closure}(Object(Illuminate\Http\Request))
#16 /var/www/html/laravel7/vendor/laravel/framework/src/Illuminate/Foundation/Http/Middleware/TransformsRequest.php(21): Illuminate\Pipeline\Pipeline->Illuminate\Pipeline\{closure}(Object(Illuminate\Http\Request))
#17 /var/www/html/laravel7/vendor/laravel/framework/src/Illuminate/Pipeline/Pipeline.php(167): Illuminate\Foundation\Http\Middleware\TransformsRequest->handle(Object(Illuminate\Http\Request), Object(Closure))
#18 /var/www/html/laravel7/vendor/laravel/framework/src/Illuminate/Foundation/Http/Middleware/TransformsRequest.php(21): Illuminate\Pipeline\Pipeline->Illuminate\Pipeline\{closure}(Object(Illuminate\Http\Request))
#19 /var/www/html/laravel7/vendor/laravel/framework/src/Illuminate/Pipeline/Pipeline.php(167): Illuminate\Foundation\Http\Middleware\TransformsRequest->handle(Object(Illuminate\Http\Request), Object(Closure))
#20 /var/www/html/laravel7/vendor/laravel/framework/src/Illuminate/Foundation/Http/Middleware/ValidatePostSize.php(27): Illuminate\Pipeline\Pipeline->Illuminate\Pipeline\{closure}(Object(Illuminate\Http\Request))
#21 /var/www/html/laravel7/vendor/laravel/framework/src/Illuminate/Pipeline/Pipeline.php(167): Illuminate\Foundation\Http\Middleware\ValidatePostSize->handle(Object(Illuminate\Http\Request), Object(Closure))
#22 /var/www/html/laravel7/vendor/laravel/framework/src/Illuminate/Foundation/Http/Middleware/CheckForMaintenanceMode.php(63): Illuminate\Pipeline\Pipeline->Illuminate\Pipeline\{closure}(Object(Illuminate\Http\Request))
#23 /var/www/html/laravel7/vendor/laravel/framework/src/Illuminate/Pipeline/Pipeline.php(167): Illuminate\Foundation\Http\Middleware\CheckForMaintenanceMode->handle(Object(Illuminate\Http\Request), Object(Closure))
#24 /var/www/html/laravel7/vendor/fruitcake/laravel-cors/src/HandleCors.php(36): Illuminate\Pipeline\Pipeline->Illuminate\Pipeline\{closure}(Object(Illuminate\Http\Request))
#25 /var/www/html/laravel7/vendor/laravel/framework/src/Illuminate/Pipeline/Pipeline.php(167): Fruitcake\Cors\HandleCors->handle(Object(Illuminate\Http\Request), Object(Closure))
#26 /var/www/html/laravel7/vendor/fideloper/proxy/src/TrustProxies.php(57): Illuminate\Pipeline\Pipeline->Illuminate\Pipeline\{closure}(Object(Illuminate\Http\Request))
#27 /var/www/html/laravel7/vendor/laravel/framework/src/Illuminate/Pipeline/Pipeline.php(167): Fideloper\Proxy\TrustProxies->handle(Object(Illuminate\Http\Request), Object(Closure))
#28 /var/www/html/laravel7/vendor/laravel/framework/src/Illuminate/Pipeline/Pipeline.php(103): Illuminate\Pipeline\Pipeline->Illuminate\Pipeline\{closure}(Object(Illuminate\Http\Request))
#29 /var/www/html/laravel7/vendor/laravel/framework/src/Illuminate/Foundation/Http/Kernel.php(140): Illuminate\Pipeline\Pipeline->then(Object(Closure))
#30 /var/www/html/laravel7/vendor/laravel/framework/src/Illuminate/Foundation/Http/Kernel.php(109): Illuminate\Foundation\Http\Kernel->sendRequestThroughRouter(Object(Illuminate\Http\Request))
#31 /var/www/html/laravel7/public/index.php(55): Illuminate\Foundation\Http\Kernel->handle(Object(Illuminate\Http\Request))
#32 {main}  
[2020-04-03 03:06:14] local.ERROR: L5Swagger\Exceptions\L5SwaggerException: Documentation storage directory is not writable in /var/www/html/laravel7/vendor/darkaonline/l5-swagger/src/Generator.php:104
Stack trace:
#0 /var/www/html/laravel7/vendor/darkaonline/l5-swagger/src/Generator.php(86): L5Swagger\Generator->prepareDirectory()
#1 /var/www/html/laravel7/vendor/darkaonline/l5-swagger/src/Http/Controllers/SwaggerController.php(46): L5Swagger\Generator->generateDocs()
#2 [internal function]: L5Swagger\Http\Controllers\SwaggerController->docs('api-docs.json')
#3 /var/www/html/laravel7/vendor/laravel/framework/src/Illuminate/Routing/Controller.php(54): call_user_func_array(Array, Array)
#4 /var/www/html/laravel7/vendor/laravel/framework/src/Illuminate/Routing/ControllerDispatcher.php(45): Illuminate\Routing\Controller->callAction('docs', Array)
#5 /var/www/html/laravel7/vendor/laravel/framework/src/Illuminate/Routing/Route.php(225): Illuminate\Routing\ControllerDispatcher->dispatch(Object(Illuminate\Routing\Route), Object(L5Swagger\Http\Controllers\SwaggerController), 'docs')
#6 /var/www/html/laravel7/vendor/laravel/framework/src/Illuminate/Routing/Route.php(182): Illuminate\Routing\Route->runController()
#7 /var/www/html/laravel7/vendor/laravel/framework/src/Illuminate/Routing/Router.php(685): Illuminate\Routing\Route->run()
#8 /var/www/html/laravel7/vendor/laravel/framework/src/Illuminate/Pipeline/Pipeline.php(128): Illuminate\Routing\Router->Illuminate\Routing\{closure}(Object(Illuminate\Http\Request))
#9 /var/www/html/laravel7/vendor/laravel/framework/src/Illuminate/Pipeline/Pipeline.php(103): Illuminate\Pipeline\Pipeline->Illuminate\Pipeline\{closure}(Object(Illuminate\Http\Request))
#10 /var/www/html/laravel7/vendor/laravel/framework/src/Illuminate/Routing/Router.php(687): Illuminate\Pipeline\Pipeline->then(Object(Closure))
#11 /var/www/html/laravel7/vendor/laravel/framework/src/Illuminate/Routing/Router.php(662): Illuminate\Routing\Router->runRouteWithinStack(Object(Illuminate\Routing\Route), Object(Illuminate\Http\Request))
#12 /var/www/html/laravel7/vendor/laravel/framework/src/Illuminate/Routing/Router.php(628): Illuminate\Routing\Router->runRoute(Object(Illuminate\Http\Request), Object(Illuminate\Routing\Route))
#13 /var/www/html/laravel7/vendor/laravel/framework/src/Illuminate/Routing/Router.php(617): Illuminate\Routing\Router->dispatchToRoute(Object(Illuminate\Http\Request))
#14 /var/www/html/laravel7/vendor/laravel/framework/src/Illuminate/Foundation/Http/Kernel.php(165): Illuminate\Routing\Router->dispatch(Object(Illuminate\Http\Request))
#15 /var/www/html/laravel7/vendor/laravel/framework/src/Illuminate/Pipeline/Pipeline.php(128): Illuminate\Foundation\Http\Kernel->Illuminate\Foundation\Http\{closure}(Object(Illuminate\Http\Request))
#16 /var/www/html/laravel7/vendor/laravel/framework/src/Illuminate/Foundation/Http/Middleware/TransformsRequest.php(21): Illuminate\Pipeline\Pipeline->Illuminate\Pipeline\{closure}(Object(Illuminate\Http\Request))
#17 /var/www/html/laravel7/vendor/laravel/framework/src/Illuminate/Pipeline/Pipeline.php(167): Illuminate\Foundation\Http\Middleware\TransformsRequest->handle(Object(Illuminate\Http\Request), Object(Closure))
#18 /var/www/html/laravel7/vendor/laravel/framework/src/Illuminate/Foundation/Http/Middleware/TransformsRequest.php(21): Illuminate\Pipeline\Pipeline->Illuminate\Pipeline\{closure}(Object(Illuminate\Http\Request))
#19 /var/www/html/laravel7/vendor/laravel/framework/src/Illuminate/Pipeline/Pipeline.php(167): Illuminate\Foundation\Http\Middleware\TransformsRequest->handle(Object(Illuminate\Http\Request), Object(Closure))
#20 /var/www/html/laravel7/vendor/laravel/framework/src/Illuminate/Foundation/Http/Middleware/ValidatePostSize.php(27): Illuminate\Pipeline\Pipeline->Illuminate\Pipeline\{closure}(Object(Illuminate\Http\Request))
#21 /var/www/html/laravel7/vendor/laravel/framework/src/Illuminate/Pipeline/Pipeline.php(167): Illuminate\Foundation\Http\Middleware\ValidatePostSize->handle(Object(Illuminate\Http\Request), Object(Closure))
#22 /var/www/html/laravel7/vendor/laravel/framework/src/Illuminate/Foundation/Http/Middleware/CheckForMaintenanceMode.php(63): Illuminate\Pipeline\Pipeline->Illuminate\Pipeline\{closure}(Object(Illuminate\Http\Request))
#23 /var/www/html/laravel7/vendor/laravel/framework/src/Illuminate/Pipeline/Pipeline.php(167): Illuminate\Foundation\Http\Middleware\CheckForMaintenanceMode->handle(Object(Illuminate\Http\Request), Object(Closure))
#24 /var/www/html/laravel7/vendor/fruitcake/laravel-cors/src/HandleCors.php(36): Illuminate\Pipeline\Pipeline->Illuminate\Pipeline\{closure}(Object(Illuminate\Http\Request))
#25 /var/www/html/laravel7/vendor/laravel/framework/src/Illuminate/Pipeline/Pipeline.php(167): Fruitcake\Cors\HandleCors->handle(Object(Illuminate\Http\Request), Object(Closure))
#26 /var/www/html/laravel7/vendor/fideloper/proxy/src/TrustProxies.php(57): Illuminate\Pipeline\Pipeline->Illuminate\Pipeline\{closure}(Object(Illuminate\Http\Request))
#27 /var/www/html/laravel7/vendor/laravel/framework/src/Illuminate/Pipeline/Pipeline.php(167): Fideloper\Proxy\TrustProxies->handle(Object(Illuminate\Http\Request), Object(Closure))
#28 /var/www/html/laravel7/vendor/laravel/framework/src/Illuminate/Pipeline/Pipeline.php(103): Illuminate\Pipeline\Pipeline->Illuminate\Pipeline\{closure}(Object(Illuminate\Http\Request))
#29 /var/www/html/laravel7/vendor/laravel/framework/src/Illuminate/Foundation/Http/Kernel.php(140): Illuminate\Pipeline\Pipeline->then(Object(Closure))
#30 /var/www/html/laravel7/vendor/laravel/framework/src/Illuminate/Foundation/Http/Kernel.php(109): Illuminate\Foundation\Http\Kernel->sendRequestThroughRouter(Object(Illuminate\Http\Request))
#31 /var/www/html/laravel7/public/index.php(55): Illuminate\Foundation\Http\Kernel->handle(Object(Illuminate\Http\Request))
#32 {main}  
